#
# A fatal error has been detected by the Java Runtime Environment:
#
#  Internal Error (jvmciRuntime.cpp:1609), pid=25, tid=41
#  fatal error: Fatal exception in JVMCI: Error calling jdk.vm.ci.services.Services.serializeSavedProperties
#
# JRE version: OpenJDK Runtime Environment GraalVM CE 22.3.0 (17.0.5+8) (build 17.0.5+8-jvmci-22.3-b08)
# Java VM: OpenJDK 64-Bit Server VM GraalVM CE 22.3.0 (17.0.5+8-jvmci-22.3-b08, mixed mode, sharing, tiered, jvmci, jvmci compiler, compressed oops, compressed class ptrs, parallel gc, linux-amd64)
# Problematic frame:
# V  [libjvm.so+0x972714]  JVMCIRuntime::fatal_exception(JVMCIEnv*, char const*)+0x74
#
# Core dump will be written. Default location: Core dumps may be processed with "/usr/share/apport/apport -p%p -s%s -c%c -d%d -P%P -u%u -g%g -- %E" (or dumping to /home/runner/CSC372-1-SpringA-CT1/core.25)
#
# If you would like to submit a bug report, please visit:
#   https://github.com/oracle/graal/issues
#

---------------  S U M M A R Y ------------

Command Line: -XX:ThreadPriorityPolicy=1 -XX:+UnlockExperimentalVMOptions -XX:+EnableJVMCIProduct -XX:JVMCIThreadsPerNativeLibraryRuntime=1 -XX:-UnlockExperimentalVMOptions -Declipse.application=org.eclipse.jdt.ls.core.id1 -Dosgi.bundles.defaultStartLevel=4 -Declipse.product=org.eclipse.jdt.ls.core.product -Dlog.level=ALL -Xverify:none -XX:+UseParallelGC -XX:GCTimeRatio=4 -XX:AdaptiveSizePolicyWeight=90 -Dsun.zip.disableMemoryMapping=true -Xmx512m -Xms100m /nix/store/m6gcpi1ii6rghy04cjwjddcavv7i90df-jdt-language-server-1.9.0/share/java/plugins/org.eclipse.equinox.launcher_1.6.400.v20210924-0641.jar --add-modules=ALL-SYSTEM --add-opens java.base/java.util=ALL-UNNAMED --add-opens java.base/java.lang=ALL-UNNAMED -configuration /home/runner/.cache/jdt-language-server/config -data /home/runner/.cache/jdt-language-server/data/home/runner/CSC372-1-SpringA-CT1

Host: AMD EPYC 7B12, 8 cores, 1G, Ubuntu 20.04.2 LTS
Time: Sat Mar 18 20:23:43 2023 UTC elapsed time: 772.703495 seconds (0d 0h 12m 52s)

---------------  T H R E A D  ---------------

Current thread (0x00007f58ac0b2540):  JavaThread "JVMCI-native CompilerThread0" daemon [_thread_in_vm, id=41, stack(0x00007f5890f1a000,0x00007f589111a000)]


Current CompileTask:
JVMCI-native: 772703 10806       4       org.eclipse.jdt.internal.core.JavaElement::equals (57 bytes)

Stack: [0x00007f5890f1a000,0x00007f589111a000],  sp=0x00007f5891118380,  free space=2040k
Native frames: (J=compiled Java code, j=interpreted, Vv=VM code, C=native code)
V  [libjvm.so+0x972714]  JVMCIRuntime::fatal_exception(JVMCIEnv*, char const*)+0x74
V  [libjvm.so+0x93e2fe]  JVMCIEnv::copy_saved_properties()+0x14e
V  [libjvm.so+0x9732a9]  JVMCIRuntime::initialize(JVMCIEnv*)+0xb19
V  [libjvm.so+0x9738a2]  JVMCIRuntime::get_HotSpotJVMCIRuntime(JVMCIEnv*)+0x12
V  [libjvm.so+0x9749f2]  JVMCIRuntime::compile_method(JVMCIEnv*, JVMCICompiler*, methodHandle const&, int)+0xd2
V  [libjvm.so+0x5b0d20]  CompileBroker::invoke_compiler_on_method(CompileTask*)+0x1470
V  [libjvm.so+0x5b12e8]  CompileBroker::compiler_thread_loop()+0x528
V  [libjvm.so+0xd82460]  JavaThread::thread_main_inner()+0xd0
V  [libjvm.so+0xd85a40]  Thread::call_run()+0xc0
V  [libjvm.so+0xbdb1e1]  thread_native_entry(Thread*)+0xe1

Register to memory mapping:

RAX=0x00007f58b0c58000 points into unknown readable memory: 0x0000000000000058 | 58 00 00 00 00 00 00 00
RBX=0x00007f58b1d53398: <offset 0x0000000000ef5398> in /nix/store/gpxl5qgg8kicmcvivwmybwjlpf7wh20l-graalvm17-ce-22.3.0/lib/server/libjvm.so at 0x00007f58b0e5e000
RCX=0x00007f58b1d0b1e8: <offset 0x0000000000ead1e8> in /nix/store/gpxl5qgg8kicmcvivwmybwjlpf7wh20l-graalvm17-ce-22.3.0/lib/server/libjvm.so at 0x00007f58b0e5e000
RDX=0x0000000000000649 is an unknown value
RSP=0x00007f5891118380 is pointing into the stack for thread: 0x00007f58ac0b2540
RBP=0x00007f58911183a0 is pointing into the stack for thread: 0x00007f58ac0b2540
RSI=0x00007f58b1d53c48: <offset 0x0000000000ef5c48> in /nix/store/gpxl5qgg8kicmcvivwmybwjlpf7wh20l-graalvm17-ce-22.3.0/lib/server/libjvm.so at 0x00007f58b0e5e000
RDI=0x00000000e0000000 is an oop: java.lang.String 
{0x00000000e0000000} - klass: 'java/lang/String'
 - string: "resolution"
R8 =0x00007f58b1d53398: <offset 0x0000000000ef5398> in /nix/store/gpxl5qgg8kicmcvivwmybwjlpf7wh20l-graalvm17-ce-22.3.0/lib/server/libjvm.so at 0x00007f58b0e5e000
R9 =0x0000000000000003 is an unknown value
R10=0x00007f58b20a4da0: <offset 0x0000000001246da0> in /nix/store/gpxl5qgg8kicmcvivwmybwjlpf7wh20l-graalvm17-ce-22.3.0/lib/server/libjvm.so at 0x00007f58b0e5e000
R11=0x000000080044f048 is pointing into metadata
R12=0x0 is NULL
R13=0x00007f58ac0b2540 is a thread
R14=0x00007f58ac000b80 points into unknown readable memory: 0x00007f58b1f84a38 | 38 4a f8 b1 58 7f 00 00
R15=0x00007f58b2092e40: <offset 0x0000000001234e40> in /nix/store/gpxl5qgg8kicmcvivwmybwjlpf7wh20l-graalvm17-ce-22.3.0/lib/server/libjvm.so at 0x00007f58b0e5e000


Registers:
RAX=0x00007f58b0c58000, RBX=0x00007f58b1d53398, RCX=0x00007f58b1d0b1e8, RDX=0x0000000000000649
RSP=0x00007f5891118380, RBP=0x00007f58911183a0, RSI=0x00007f58b1d53c48, RDI=0x00000000e0000000
R8 =0x00007f58b1d53398, R9 =0x0000000000000003, R10=0x00007f58b20a4da0, R11=0x000000080044f048
R12=0x0000000000000000, R13=0x00007f58ac0b2540, R14=0x00007f58ac000b80, R15=0x00007f58b2092e40
RIP=0x00007f58b17d0714, EFLAGS=0x0000000000010206, CSGSFS=0x002b000000000033, ERR=0x0000000000000006
  TRAPNO=0x000000000000000e

Top of Stack: (sp=0x00007f5891118380)
0x00007f5891118380:   00007f5891118940 00007f58ac0b2540
0x00007f5891118390:   00007f58b05e98c8 0000000800c417a0
0x00007f58911183a0:   00007f5891118500 00007f58b179c2fe
0x00007f58911183b0:   00007f58911183e0 00007f5891118440 

Instructions: (pc=0x00007f58b17d0714)
0x00007f58b17d0614:   30 e8 f6 cf e8 ff 4c 89 e7 e8 2e 48 d1 ff 84 db
0x00007f58b17d0624:   75 2a 4d 85 ed 74 04 4d 8b 6d 00 48 83 c4 08 44
0x00007f58b17d0634:   89 f9 4c 89 f2 4c 89 ee 5b 4c 89 e7 41 5c 41 5d
0x00007f58b17d0644:   41 5e 41 5f 5d e9 e2 47 d1 ff 66 90 48 83 c4 08
0x00007f58b17d0654:   5b 41 5c 41 5d 41 5e 41 5f 5d c3 90 31 d2 be 08
0x00007f58b17d0664:   00 00 00 4c 89 ff e8 b1 78 a3 ff 49 89 c5 e9 37
0x00007f58b17d0674:   ff ff ff 66 0f 1f 84 00 00 00 00 00 48 8b 7a 08
0x00007f58b17d0684:   e9 6d ff ff ff 0f 1f 80 00 00 00 00 e8 5b 48 0a
0x00007f58b17d0694:   00 84 c0 75 89 e9 6a ff ff ff 66 90 55 48 89 e5
0x00007f58b17d06a4:   41 56 41 55 41 54 49 89 fc 53 48 89 f3 66 48 8d
0x00007f58b17d06b4:   3d 27 5e 85 00 66 66 48 e8 df 43 8d ff 4c 8b 28
0x00007f58b17d06c4:   8b 05 be 72 8a 00 85 c0 75 14 ba 01 00 00 00 48
0x00007f58b17d06d4:   8d 0d ae 72 8a 00 f0 0f b1 11 85 c0 74 4e be c8
0x00007f58b17d06e4:   00 00 00 4c 89 ef e8 01 0b 41 00 48 8d 05 12 ac
0x00007f58b17d06f4:   85 00 49 89 d8 48 8d 0d e8 aa 53 00 ba 49 06 00
0x00007f58b17d0704:   00 48 8d 35 3c 35 58 00 bf 00 00 00 e0 48 8b 00
0x00007f58b17d0714:   c6 00 58 31 c0 e8 e2 91 c6 ff 5b 41 5c 41 5d 41
0x00007f58b17d0724:   5e 5d e9 55 34 26 00 0f 1f 44 00 00 48 8d 05 81
0x00007f58b17d0734:   a3 8b 00 48 89 df 4c 8b 30 e8 9e 43 8d ff 48 89
0x00007f58b17d0744:   de 48 89 c2 49 8b 06 4c 89 f7 ff 50 08 4c 89 f7
0x00007f58b17d0754:   e8 a7 5c 27 00 4d 85 e4 74 12 be 01 00 00 00 4c
0x00007f58b17d0764:   89 e7 e8 35 43 fc ff eb 82 0f 1f 00 be 01 00 00
0x00007f58b17d0774:   00 4c 89 ef e8 d3 fd ff ff e9 6d ff ff ff 66 66
0x00007f58b17d0784:   2e 0f 1f 84 00 00 00 00 00 0f 1f 00 55 48 89 e5
0x00007f58b17d0794:   41 57 41 56 41 55 41 54 53 48 81 ec 08 02 00 00
0x00007f58b17d07a4:   64 48 8b 04 25 28 00 00 00 48 89 45 c8 8b 07 83
0x00007f58b17d07b4:   f8 02 0f 84 11 04 00 00 4c 8b 6f 18 49 89 ff 49
0x00007f58b17d07c4:   89 f4 4d 85 ed 74 14 4c 89 ef e8 5d 57 22 00 41
0x00007f58b17d07d4:   8b 07 83 f8 02 0f 84 19 04 00 00 48 8d 1d 9a 06
0x00007f58b17d07e4:   8a 00 4c 8d 35 0b 3c 58 00 eb 38 90 48 85 d2 7f
0x00007f58b17d07f4:   0d 48 8d 05 b4 c0 85 00 48 83 38 00 7e 0e 41 8b
0x00007f58b17d0804:   77 2c 4c 89 f7 31 c0 e8 a0 b2 f7 ff 49 8b 7f 18 


Stack slot to memory mapping:
stack at sp + 0 slots: 0x00007f5891118940 is pointing into the stack for thread: 0x00007f58ac0b2540
stack at sp + 1 slots: 0x00007f58ac0b2540 is a thread
stack at sp + 2 slots: 0x00007f58b05e98c8 points into unknown readable memory: 0x65730018052dffff | ff ff 2d 05 18 00 73 65
stack at sp + 3 slots: 0x0000000800c417a0 is a pointer to class: 
jdk.vm.ci.services.Services {0x0000000800c417a0}
 - instance size:     2
 - klass size:        65
 - access:            public final synchronized 
 - state:             fully_initialized
 - name:              'jdk/vm/ci/services/Services'
 - super:             'java/lang/Object'
 - sub:               
 - arrays:            NULL
 - methods:           Array<T>(0x00007f5891843370)
 - method ordering:   Array<T>(0x0000000800928960)
 - default_methods:   Array<T>(0x0000000000000000)
 - local interfaces:  Array<T>(0x00000008005ce810)
 - trans. interfaces: Array<T>(0x00000008005ce810)
 - constants:         constant pool [427] {0x00007f58918423e0} for 'jdk/vm/ci/services/Services' cache=0x00007f5891844640
 - class loader data:  loader data: 0x00007f58ac0283f0 of 'bootstrap'
 - source file:       'Services.java'
 - class annotations:       Array<T>(0x0000000000000000)
 - class type annotations:  Array<T>(0x0000000000000000)
 - field annotations:       Array<T>(0x0000000000000000)
 - field type annotations:  Array<T>(0x0000000000000000)
 - inner classes:     Array<T>(0x00007f5891844610)
 - nest members:     Array<T>(0x00007f5891844630)
 - permitted subclasses:     Array<T>(0x00000008005ce7a0)
 - java mirror:       a 'java/lang/Class'{0x00000000e0148b58} = 'jdk/vm/ci/services/Services'
 - vtable length      5  (start addr: 0x0000000800c41970)
 - itable length      2 (start addr: 0x0000000800c41998)
 - ---- static fields (3 words):
 - public static final 'IS_BUILDING_NATIVE_IMAGE' 'Z' @128 
 - public static final 'IS_IN_NATIVE_IMAGE' 'Z' @129 
 - private static volatile 'savedProperties' 'Ljava/util/Map;' @112 
 - static final 'JVMCI_ENABLED' 'Z' @130 
 - private static final 'servicesCache' 'Ljava/util/Map;' @116 
 - private static final 'MAX_UNICODE_IN_UTF8_LENGTH' 'I' @120 
 - private static final 'MAX_UTF8_PROPERTY_STRING_LENGTH' 'I' @124 
 - ---- non-static fields (0 words):
 - non-static oop maps: 
stack at sp + 4 slots: 0x00007f5891118500 is pointing into the stack for thread: 0x00007f58ac0b2540
stack at sp + 5 slots: 0x00007f58b179c2fe: <offset 0x000000000093e2fe> in /nix/store/gpxl5qgg8kicmcvivwmybwjlpf7wh20l-graalvm17-ce-22.3.0/lib/server/libjvm.so at 0x00007f58b0e5e000
stack at sp + 6 slots: 0x00007f58911183e0 is pointing into the stack for thread: 0x00007f58ac0b2540
stack at sp + 7 slots: 0x00007f5891118440 is pointing into the stack for thread: 0x00007f58ac0b2540


---------------  P R O C E S S  ---------------

Threads class SMR info:
_java_thread_list=0x00007f57f0000b70, length=27, elements={
0x00007f58ac026690, 0x00007f58ac0a64d0, 0x00007f58ac0a7910, 0x00007f58ac0ae3b0,
0x00007f58ac0af760, 0x00007f58ac0b0b50, 0x00007f58ac0b2540, 0x00007f58ac0b3a50,
0x00007f58ac0b4ea0, 0x00007f58ac0d7d70, 0x00007f58ac120770, 0x00007f58ac36b930,
0x00007f58ac39f2b0, 0x00007f58ac3a1140, 0x00007f58ac6671d0, 0x00007f58400170b0,
0x00007f58402a0cd0, 0x00007f5840484f60, 0x00007f584063c3d0, 0x00007f58ac4ce2f0,
0x00007f58ac23c420, 0x00007f581c0011c0, 0x00007f5828335780, 0x00007f5808463cb0,
0x00007f5808476400, 0x00007f58101374c0, 0x00007f580c007c20
}

Java Threads: ( => current thread )
  0x00007f58ac026690 JavaThread "main" [_thread_blocked, id=31, stack(0x00007f58b0c79000,0x00007f58b0d79000)]
  0x00007f58ac0a64d0 JavaThread "Reference Handler" daemon [_thread_blocked, id=35, stack(0x00007f58920e0000,0x00007f58921e0000)]
  0x00007f58ac0a7910 JavaThread "Finalizer" daemon [_thread_blocked, id=36, stack(0x00007f5891700000,0x00007f5891800000)]
  0x00007f58ac0ae3b0 JavaThread "Signal Dispatcher" daemon [_thread_blocked, id=37, stack(0x00007f589131a000,0x00007f589141a000)]
  0x00007f58ac0af760 JavaThread "Service Thread" daemon [_thread_blocked, id=38, stack(0x00007f589121a000,0x00007f589131a000)]
  0x00007f58ac0b0b50 JavaThread "Monitor Deflation Thread" daemon [_thread_blocked, id=39, stack(0x00007f589111a000,0x00007f589121a000)]
=>0x00007f58ac0b2540 JavaThread "JVMCI-native CompilerThread0" daemon [_thread_in_vm, id=41, stack(0x00007f5890f1a000,0x00007f589111a000)]
  0x00007f58ac0b3a50 JavaThread "C1 CompilerThread0" daemon [_thread_blocked, id=42, stack(0x00007f5890d1a000,0x00007f5890f1a000)]
  0x00007f58ac0b4ea0 JavaThread "Sweeper thread" daemon [_thread_blocked, id=43, stack(0x00007f5890c1a000,0x00007f5890d1a000)]
  0x00007f58ac0d7d70 JavaThread "Common-Cleaner" daemon [_thread_blocked, id=44, stack(0x00007f5890b1a000,0x00007f5890c1a000)]
  0x00007f58ac120770 JavaThread "Notification Thread" daemon [_thread_blocked, id=45, stack(0x00007f5890a1a000,0x00007f5890b1a000)]
  0x00007f58ac36b930 JavaThread "Active Thread: Equinox Container: 5a6f947d-7513-465e-b4aa-e351f3fb0c26" [_thread_blocked, id=53, stack(0x00007f5890700000,0x00007f5890800000)]
  0x00007f58ac39f2b0 JavaThread "Framework Event Dispatcher: Equinox Container: 5a6f947d-7513-465e-b4aa-e351f3fb0c26" daemon [_thread_blocked, id=54, stack(0x00007f5890500000,0x00007f5890600000)]
  0x00007f58ac3a1140 JavaThread "Start Level: Equinox Container: 5a6f947d-7513-465e-b4aa-e351f3fb0c26" daemon [_thread_blocked, id=55, stack(0x00007f5890300000,0x00007f5890400000)]
  0x00007f58ac6671d0 JavaThread "Refresh Thread: Equinox Container: 5a6f947d-7513-465e-b4aa-e351f3fb0c26" daemon [_thread_blocked, id=56, stack(0x00007f5890100000,0x00007f5890200000)]
  0x00007f58400170b0 JavaThread "SCR Component Actor" daemon [_thread_blocked, id=62, stack(0x00007f5858900000,0x00007f5858a00000)]
  0x00007f58402a0cd0 JavaThread "Worker-JM" [_thread_blocked, id=68, stack(0x00007f5858600000,0x00007f5858700000)]
  0x00007f5840484f60 JavaThread "Java indexing" daemon [_thread_blocked, id=71, stack(0x00007f5858100000,0x00007f5858200000)]
  0x00007f584063c3d0 JavaThread "Bundle File Closer" daemon [_thread_blocked, id=76, stack(0x00007f5857f00000,0x00007f5858000000)]
  0x00007f58ac4ce2f0 JavaThread "pool-3-thread-1" [_thread_blocked, id=77, stack(0x00007f5857d00000,0x00007f5857e00000)]
  0x00007f58ac23c420 JavaThread "pool-2-thread-1" [_thread_blocked, id=79, stack(0x00007f5857900000,0x00007f5857a00000)]
  0x00007f581c0011c0 JavaThread "Worker-3: Java indexing... " [_thread_blocked, id=84, stack(0x00007f5857700000,0x00007f5857800000)]
  0x00007f5828335780 JavaThread "Worker-5: Compacting resource model" [_thread_blocked, id=108, stack(0x00007f5857300000,0x00007f5857400000)]
  0x00007f5808463cb0 JavaThread "Okio Watchdog" daemon [_thread_blocked, id=121, stack(0x00007f5857e00000,0x00007f5857f00000)]
  0x00007f5808476400 JavaThread "Worker-6: Publish Diagnostics" [_thread_blocked, id=131, stack(0x00007f5857600000,0x00007f5857700000)]
  0x00007f58101374c0 JavaThread "Thread-5" [_thread_blocked, id=154, stack(0x00007f5857200000,0x00007f5857300000)]
  0x00007f580c007c20 JavaThread "Worker-7" [_thread_blocked, id=643, stack(0x00007f5858200000,0x00007f5858300000)]

Other Threads:
  0x00007f58ac0a1c10 VMThread "VM Thread" [stack: 0x00007f58921e2000,0x00007f58922e2000] [id=34] _threads_hazard_ptr=0x00007f57f0000b70
  0x00007f58ac122110 WatcherThread [stack: 0x00007f589091a000,0x00007f5890a1a000] [id=46]
  0x00007f58ac03df30 GCTaskThread "GC Thread#0" [stack: 0x00007f58b083c000,0x00007f58b093c000] [id=32]

Threads with active compile tasks:
JVMCI-native CompilerThread0   772763 10806       4       org.eclipse.jdt.internal.core.JavaElement::equals (57 bytes)

VM state: synchronizing (normal execution)

VM Mutex/Monitor currently owned by a thread:  ([mutex/lock_event])
[0x00007f58ac023840] Threads_lock - owner thread: 0x00007f58ac0a1c10
[0x00007f58ac023ff0] Heap_lock - owner thread: 0x00007f5840484f60

OutOfMemory and StackOverflow Exception counts:
OutOfMemoryError java_heap_errors=1
LinkageErrors=73

Heap address: 0x00000000e0000000, size: 512 MB, Compressed Oops mode: 32-bit

CDS archive(s) mapped at: [0x0000000800000000-0x0000000800bc8000-0x0000000800bc8000), size 12353536, SharedBaseAddress: 0x0000000800000000, ArchiveRelocationMode: 0.
Compressed class space mapped at: 0x0000000800c00000-0x0000000840c00000, reserved size: 1073741824
Narrow klass base: 0x0000000800000000, Narrow klass shift: 0, Narrow klass range: 0x100000000

GC Precious Log:
 CPUs: 8 total, 1 available
 Memory: 1024M
 Large Page Support: Disabled
 NUMA Support: Disabled
 Compressed Oops: Enabled (32-bit)
 Alignments: Space 512K, Generation 512K, Heap 2M
 Heap Min Capacity: 100M
 Heap Initial Capacity: 100M
 Heap Max Capacity: 512M
 Pre-touch: Disabled
 Parallel Workers: 1

Heap:
 PSYoungGen      total 72192K, used 46079K [0x00000000f5580000, 0x00000000fb900000, 0x0000000100000000)
  eden space 46080K, 99% used [0x00000000f5580000,0x00000000f827fff8,0x00000000f8280000)
  from space 26112K, 0% used [0x00000000f9e00000,0x00000000f9e00000,0x00000000fb780000)
  to   space 27136K, 0% used [0x00000000f8280000,0x00000000f8280000,0x00000000f9d00000)
 ParOldGen       total 349696K, used 349696K [0x00000000e0000000, 0x00000000f5580000, 0x00000000f5580000)
  object space 349696K, 100% used [0x00000000e0000000,0x00000000f5580000,0x00000000f5580000)
 Metaspace       used 64644K, committed 65664K, reserved 1114112K
  class space    used 6248K, committed 6720K, reserved 1048576K

Card table byte_map: [0x00007f58b093c000,0x00007f58b0a3d000] _byte_map_base: 0x00007f58b023c000

Marking Bits: (ParMarkBitMap*) 0x00007f58b208c4c0
 Begin Bits: [0x00007f58924b3000, 0x00007f5892cb3000)
 End Bits:   [0x00007f5892cb3000, 0x00007f58934b3000)

Polling page: 0x00007f58b0c56000

Metaspace:

Usage:
  Non-class:     57.03 MB used.
      Class:      6.10 MB used.
       Both:     63.13 MB used.

Virtual space:
  Non-class space:       64.00 MB reserved,      57.56 MB ( 90%) committed,  8 nodes.
      Class space:        1.00 GB reserved,       6.56 MB ( <1%) committed,  1 nodes.
             Both:        1.06 GB reserved,      64.12 MB (  6%) committed. 

Chunk freelists:
   Non-Class:  2.39 MB
       Class:  1.54 MB
        Both:  3.94 MB

MaxMetaspaceSize: unlimited
CompressedClassSpaceSize: 1.00 GB
Initial GC threshold: 21.00 MB
Current GC threshold: 106.88 MB
CDS: on
MetaspaceReclaimPolicy: balanced
 - commit_granule_bytes: 65536.
 - commit_granule_words: 8192.
 - virtual_space_node_default_size: 1048576.
 - enlarge_chunks_in_place: 1.
 - new_chunks_are_fully_committed: 0.
 - uncommit_free_chunks: 1.
 - use_allocation_guard: 0.
 - handle_deallocations: 1.


Internal statistics:

num_allocs_failed_limit: 6.
num_arena_births: 532.
num_arena_deaths: 154.
num_vsnodes_births: 9.
num_vsnodes_deaths: 0.
num_space_committed: 1023.
num_space_uncommitted: 0.
num_chunks_returned_to_freelist: 217.
num_chunks_taken_from_freelist: 3118.
num_chunk_merges: 86.
num_chunk_splits: 2007.
num_chunks_enlarged: 1230.
num_purges: 6.
num_inconsistent_stats: 0.

CodeHeap 'non-profiled nmethods': size=120036Kb used=2905Kb max_used=2905Kb free=117130Kb
 bounds [0x00007f589af7a000, 0x00007f589b25a000, 0x00007f58a24b3000]
CodeHeap 'profiled nmethods': size=120032Kb used=17812Kb max_used=18010Kb free=102219Kb
 bounds [0x00007f5893a42000, 0x00007f5894be2000, 0x00007f589af7a000]
CodeHeap 'non-nmethods': size=5692Kb used=1406Kb max_used=1421Kb free=4286Kb
 bounds [0x00007f58934b3000, 0x00007f5893723000, 0x00007f5893a42000]
 total_blobs=8930 nmethods=8183 adapters=636
 compilation: enabled
              stopped_count=0, restarted_count=0
 full_count=0

JVMCI Events (20 events):
Event: 594.107 Thread 0x00007f58ac0b2540 attached to JVMCI runtime 0
Event: 594.109 Thread 0x00007f58ac0b2540 created JavaVM[7]@0x00007f585699e340 for JVMCI runtime 0
Event: 594.109 Thread 0x00007f58ac0b2540 initializing JVMCI runtime 0
Event: 594.109 Thread 0x00007f58ac0b2540 done waiting for JavaVM references initialization in JVMCI runtime 0
Event: 619.501 Thread 0x00007f58ac0b2540 initialized JVMCI runtime 0
Event: 699.206 Thread 0x00007f58ac0b2540 compacted oop handles in JVMCI runtime 0 from 222 to 137
Event: 699.206 Thread 0x00007f58ac0b2540 compacted oop handles in JVMCI runtime 0 from 138 to 113
Event: 700.806 Thread 0x00007f58ac0b2540 compacted oop handles in JVMCI runtime 0 from 145 to 143
Event: 700.808 Thread 0x00007f58ac0b2540 compacted oop handles in JVMCI runtime 0 from 146 to 145
Event: 702.407 Thread 0x00007f58ac0b2540 detaching from JVMCI runtime 0: releasing idle compiler thread (0 other threads still attached)
Event: 702.407 Thread 0x00007f58ac0b2540 shutting down HotSpotJVMCIRuntime for JVMCI runtime 0
Event: 702.407 Thread 0x00007f58ac0b2540 shut down JVMCI runtime 0
Event: 702.417 Thread 0x00007f58ac0b2540 destroyed JavaVM[7]@0x00007f585699e340 for JVMCI runtime 0
Event: 702.417 Thread 0x00007f58ac0b2540 compacted oop handles in JVMCI runtime 0 from 145 to 145
Event: 702.417 Thread 0x00007f58ac0b2540 releasing handles for JVMCI runtime 0: oop handles=145, metadata handles={total=288, live=275, blocks=47}
Event: 702.417 Thread 0x00007f58ac0b2540 detached from JVMCI runtime 0
Event: 741.974 Thread 0x00007f58ac0b2540 attached to JVMCI runtime 0
Event: 741.975 Thread 0x00007f58ac0b2540 created JavaVM[8]@0x00007f585699e340 for JVMCI runtime 0
Event: 741.975 Thread 0x00007f58ac0b2540 initializing JVMCI runtime 0
Event: 741.975 Thread 0x00007f58ac0b2540 done waiting for JavaVM references initialization in JVMCI runtime 0

Compilation events (20 events):
Event: 503.890 Thread 0x00007f58ac0b2540 nmethod 10794 0x00007f589b246090 code [0x00007f589b246280, 0x00007f589b247080]
Event: 503.890 Thread 0x00007f58ac0b2540 10795       4       org.eclipse.jdt.internal.core.SingleTypeRequestor::isCanceled (11 bytes)
Event: 503.891 Thread 0x00007f58ac0b2540 nmethod 10795 0x00007f589b247b90 code [0x00007f589b247d00, 0x00007f589b247d80]
Event: 547.479 Thread 0x00007f58ac0b2540 10798       4       org.eclipse.jdt.internal.compiler.lookup.PackageBinding::clearMissingTagBit (24 bytes)
Event: 568.298 Thread 0x00007f58ac0b2540 nmethod 10798 0x00007f589b247e90 code [0x00007f589b248000, 0x00007f589b2480c0]
Event: 594.107 Thread 0x00007f58ac0b2540 10799 %     4       org.eclipse.jdt.internal.compiler.lookup.BinaryTypeBinding::createMethod @ 347 (1687 bytes)
Event: 605.407 Thread 0x00007f58ac0b3a50 10800       3       org.eclipse.jdt.ls.core.internal.handlers.ProgressReporterManager$ProgressReporter::subTask (40 bytes)
Event: 607.079 Thread 0x00007f58ac0b3a50 nmethod 10800 0x00007f5894a6ed90 code [0x00007f5894a6ef60, 0x00007f5894a6f290]
Event: 639.988 Thread 0x00007f58ac0b3a50 10801       1       org.eclipse.osgi.internal.framework.EquinoxContainer::getStorage (5 bytes)
Event: 641.313 Thread 0x00007f58ac0b3a50 nmethod 10801 0x00007f589b248190 code [0x00007f589b248320, 0x00007f589b2483f0]
Event: 694.466 Thread 0x00007f58ac0b3a50 10804       3       java.lang.Thread::interrupted (23 bytes)
Event: 694.467 Thread 0x00007f58ac0b3a50 nmethod 10804 0x00007f589469e610 code [0x00007f589469e7c0, 0x00007f589469e940]
Event: 699.206 Thread 0x00007f58ac0b2540 nmethod 10799% 0x00007f589b248490 code [0x00007f589b248940, 0x00007f589b24c3b0]
Event: 699.206 Thread 0x00007f58ac0b2540 10802       4       java.security.CodeSource::getCertificates (98 bytes)
Event: 700.806 Thread 0x00007f58ac0b2540 nmethod 10802 0x00007f589b24f610 code [0x00007f589b24f800, 0x00007f589b24fe70]
Event: 700.806 Thread 0x00007f58ac0b2540 10803       4       org.eclipse.jdt.internal.compiler.lookup.BinaryTypeBinding::getTypeAnnotationWalker (128 bytes)
Event: 700.808 Thread 0x00007f58ac0b2540 nmethod 10803 0x00007f589b250210 code [0x00007f589b250380, 0x00007f589b250470]
Event: 717.815 Thread 0x00007f58ac0b3a50 10805       3       java.lang.StringBuffer::append (6 bytes)
Event: 717.816 Thread 0x00007f58ac0b3a50 nmethod 10805 0x00007f589469e090 code [0x00007f589469e240, 0x00007f589469e4c0]
Event: 741.974 Thread 0x00007f58ac0b2540 10806       4       org.eclipse.jdt.internal.core.JavaElement::equals (57 bytes)

GC Heap History (20 events):
Event: 756.687 GC heap before
{Heap before GC invocations=544 (full 448):
 PSYoungGen      total 72192K, used 46079K [0x00000000f5580000, 0x00000000fb900000, 0x0000000100000000)
  eden space 46080K, 99% used [0x00000000f5580000,0x00000000f827fff8,0x00000000f8280000)
  from space 26112K, 0% used [0x00000000f9e00000,0x00000000f9e00000,0x00000000fb780000)
  to   space 27136K, 0% used [0x00000000f8280000,0x00000000f8280000,0x00000000f9d00000)
 ParOldGen       total 349696K, used 349691K [0x00000000e0000000, 0x00000000f5580000, 0x00000000f5580000)
  object space 349696K, 99% used [0x00000000e0000000,0x00000000f557ece0,0x00000000f5580000)
 Metaspace       used 64644K, committed 65664K, reserved 1114112K
  class space    used 6248K, committed 6720K, reserved 1048576K
}
Event: 758.372 GC heap after
{Heap after GC invocations=544 (full 448):
 PSYoungGen      total 73216K, used 46079K [0x00000000f5580000, 0x00000000fb900000, 0x0000000100000000)
  eden space 46080K, 99% used [0x00000000f5580000,0x00000000f827fff8,0x00000000f8280000)
  from space 27136K, 0% used [0x00000000f8280000,0x00000000f8280000,0x00000000f9d00000)
  to   space 26112K, 0% used [0x00000000f9e00000,0x00000000f9e00000,0x00000000fb780000)
 ParOldGen       total 349696K, used 349691K [0x00000000e0000000, 0x00000000f5580000, 0x00000000f5580000)
  object space 349696K, 99% used [0x00000000e0000000,0x00000000f557eca0,0x00000000f5580000)
 Metaspace       used 64644K, committed 65664K, reserved 1114112K
  class space    used 6248K, committed 6720K, reserved 1048576K
}
Event: 758.373 GC heap before
{Heap before GC invocations=545 (full 449):
 PSYoungGen      total 73216K, used 46079K [0x00000000f5580000, 0x00000000fb900000, 0x0000000100000000)
  eden space 46080K, 99% used [0x00000000f5580000,0x00000000f827fff8,0x00000000f8280000)
  from space 27136K, 0% used [0x00000000f8280000,0x00000000f8280000,0x00000000f9d00000)
  to   space 26112K, 0% used [0x00000000f9e00000,0x00000000f9e00000,0x00000000fb780000)
 ParOldGen       total 349696K, used 349695K [0x00000000e0000000, 0x00000000f5580000, 0x00000000f5580000)
  object space 349696K, 99% used [0x00000000e0000000,0x00000000f557ffc8,0x00000000f5580000)
 Metaspace       used 64644K, committed 65664K, reserved 1114112K
  class space    used 6248K, committed 6720K, reserved 1048576K
}
Event: 759.927 GC heap after
{Heap after GC invocations=545 (full 449):
 PSYoungGen      total 72192K, used 46079K [0x00000000f5580000, 0x00000000fb900000, 0x0000000100000000)
  eden space 46080K, 99% used [0x00000000f5580000,0x00000000f827fe48,0x00000000f8280000)
  from space 26112K, 0% used [0x00000000f9e00000,0x00000000f9e00000,0x00000000fb780000)
  to   space 27136K, 0% used [0x00000000f8280000,0x00000000f8280000,0x00000000f9d00000)
 ParOldGen       total 349696K, used 349692K [0x00000000e0000000, 0x00000000f5580000, 0x00000000f5580000)
  object space 349696K, 99% used [0x00000000e0000000,0x00000000f557f320,0x00000000f5580000)
 Metaspace       used 64644K, committed 65664K, reserved 1114112K
  class space    used 6248K, committed 6720K, reserved 1048576K
}
Event: 759.927 GC heap before
{Heap before GC invocations=546 (full 450):
 PSYoungGen      total 72192K, used 46080K [0x00000000f5580000, 0x00000000fb900000, 0x0000000100000000)
  eden space 46080K, 100% used [0x00000000f5580000,0x00000000f8280000,0x00000000f8280000)
  from space 26112K, 0% used [0x00000000f9e00000,0x00000000f9e00000,0x00000000fb780000)
  to   space 27136K, 0% used [0x00000000f8280000,0x00000000f8280000,0x00000000f9d00000)
 ParOldGen       total 349696K, used 349692K [0x00000000e0000000, 0x00000000f5580000, 0x00000000f5580000)
  object space 349696K, 99% used [0x00000000e0000000,0x00000000f557f320,0x00000000f5580000)
 Metaspace       used 64644K, committed 65664K, reserved 1114112K
  class space    used 6248K, committed 6720K, reserved 1048576K
}
Event: 761.468 GC heap after
{Heap after GC invocations=546 (full 450):
 PSYoungGen      total 73216K, used 46079K [0x00000000f5580000, 0x00000000fb900000, 0x0000000100000000)
  eden space 46080K, 99% used [0x00000000f5580000,0x00000000f827ff78,0x00000000f8280000)
  from space 27136K, 0% used [0x00000000f8280000,0x00000000f8280000,0x00000000f9d00000)
  to   space 26112K, 0% used [0x00000000f9e00000,0x00000000f9e00000,0x00000000fb780000)
 ParOldGen       total 349696K, used 349692K [0x00000000e0000000, 0x00000000f5580000, 0x00000000f5580000)
  object space 349696K, 99% used [0x00000000e0000000,0x00000000f557f320,0x00000000f5580000)
 Metaspace       used 64644K, committed 65664K, reserved 1114112K
  class space    used 6248K, committed 6720K, reserved 1048576K
}
Event: 761.470 GC heap before
{Heap before GC invocations=547 (full 451):
 PSYoungGen      total 73216K, used 46079K [0x00000000f5580000, 0x00000000fb900000, 0x0000000100000000)
  eden space 46080K, 99% used [0x00000000f5580000,0x00000000f827fff8,0x00000000f8280000)
  from space 27136K, 0% used [0x00000000f8280000,0x00000000f8280000,0x00000000f9d00000)
  to   space 26112K, 0% used [0x00000000f9e00000,0x00000000f9e00000,0x00000000fb780000)
 ParOldGen       total 349696K, used 349692K [0x00000000e0000000, 0x00000000f5580000, 0x00000000f5580000)
  object space 349696K, 99% used [0x00000000e0000000,0x00000000f557f320,0x00000000f5580000)
 Metaspace       used 64644K, committed 65664K, reserved 1114112K
  class space    used 6248K, committed 6720K, reserved 1048576K
}
Event: 762.905 GC heap after
{Heap after GC invocations=547 (full 451):
 PSYoungGen      total 72192K, used 46079K [0x00000000f5580000, 0x00000000fb900000, 0x0000000100000000)
  eden space 46080K, 99% used [0x00000000f5580000,0x00000000f827ffc0,0x00000000f8280000)
  from space 26112K, 0% used [0x00000000f9e00000,0x00000000f9e00000,0x00000000fb780000)
  to   space 27136K, 0% used [0x00000000f8280000,0x00000000f8280000,0x00000000f9d00000)
 ParOldGen       total 349696K, used 349692K [0x00000000e0000000, 0x00000000f5580000, 0x00000000f5580000)
  object space 349696K, 99% used [0x00000000e0000000,0x00000000f557f320,0x00000000f5580000)
 Metaspace       used 64644K, committed 65664K, reserved 1114112K
  class space    used 6248K, committed 6720K, reserved 1048576K
}
Event: 762.905 GC heap before
{Heap before GC invocations=548 (full 452):
 PSYoungGen      total 72192K, used 46079K [0x00000000f5580000, 0x00000000fb900000, 0x0000000100000000)
  eden space 46080K, 99% used [0x00000000f5580000,0x00000000f827fff0,0x00000000f8280000)
  from space 26112K, 0% used [0x00000000f9e00000,0x00000000f9e00000,0x00000000fb780000)
  to   space 27136K, 0% used [0x00000000f8280000,0x00000000f8280000,0x00000000f9d00000)
 ParOldGen       total 349696K, used 349692K [0x00000000e0000000, 0x00000000f5580000, 0x00000000f5580000)
  object space 349696K, 99% used [0x00000000e0000000,0x00000000f557f320,0x00000000f5580000)
 Metaspace       used 64644K, committed 65664K, reserved 1114112K
  class space    used 6248K, committed 6720K, reserved 1048576K
}
Event: 764.390 GC heap after
{Heap after GC invocations=548 (full 452):
 PSYoungGen      total 73216K, used 46079K [0x00000000f5580000, 0x00000000fb900000, 0x0000000100000000)
  eden space 46080K, 99% used [0x00000000f5580000,0x00000000f827ffa0,0x00000000f8280000)
  from space 27136K, 0% used [0x00000000f8280000,0x00000000f8280000,0x00000000f9d00000)
  to   space 26112K, 0% used [0x00000000f9e00000,0x00000000f9e00000,0x00000000fb780000)
 ParOldGen       total 349696K, used 349692K [0x00000000e0000000, 0x00000000f5580000, 0x00000000f5580000)
  object space 349696K, 99% used [0x00000000e0000000,0x00000000f557f2c0,0x00000000f5580000)
 Metaspace       used 64644K, committed 65664K, reserved 1114112K
  class space    used 6248K, committed 6720K, reserved 1048576K
}
Event: 764.390 GC heap before
{Heap before GC invocations=549 (full 453):
 PSYoungGen      total 73216K, used 46079K [0x00000000f5580000, 0x00000000fb900000, 0x0000000100000000)
  eden space 46080K, 99% used [0x00000000f5580000,0x00000000f827fff0,0x00000000f8280000)
  from space 27136K, 0% used [0x00000000f8280000,0x00000000f8280000,0x00000000f9d00000)
  to   space 26112K, 0% used [0x00000000f9e00000,0x00000000f9e00000,0x00000000fb780000)
 ParOldGen       total 349696K, used 349692K [0x00000000e0000000, 0x00000000f5580000, 0x00000000f5580000)
  object space 349696K, 99% used [0x00000000e0000000,0x00000000f557f2c0,0x00000000f5580000)
 Metaspace       used 64644K, committed 65664K, reserved 1114112K
  class space    used 6248K, committed 6720K, reserved 1048576K
}
Event: 766.036 GC heap after
{Heap after GC invocations=549 (full 453):
 PSYoungGen      total 72192K, used 46078K [0x00000000f5580000, 0x00000000fb900000, 0x0000000100000000)
  eden space 46080K, 99% used [0x00000000f5580000,0x00000000f827f9d8,0x00000000f8280000)
  from space 26112K, 0% used [0x00000000f9e00000,0x00000000f9e00000,0x00000000fb780000)
  to   space 27136K, 0% used [0x00000000f8280000,0x00000000f8280000,0x00000000f9d00000)
 ParOldGen       total 349696K, used 349692K [0x00000000e0000000, 0x00000000f5580000, 0x00000000f5580000)
  object space 349696K, 99% used [0x00000000e0000000,0x00000000f557f2c0,0x00000000f5580000)
 Metaspace       used 64644K, committed 65664K, reserved 1114112K
  class space    used 6248K, committed 6720K, reserved 1048576K
}
Event: 766.036 GC heap before
{Heap before GC invocations=550 (full 454):
 PSYoungGen      total 72192K, used 46079K [0x00000000f5580000, 0x00000000fb900000, 0x0000000100000000)
  eden space 46080K, 99% used [0x00000000f5580000,0x00000000f827ffb8,0x00000000f8280000)
  from space 26112K, 0% used [0x00000000f9e00000,0x00000000f9e00000,0x00000000fb780000)
  to   space 27136K, 0% used [0x00000000f8280000,0x00000000f8280000,0x00000000f9d00000)
 ParOldGen       total 349696K, used 349692K [0x00000000e0000000, 0x00000000f5580000, 0x00000000f5580000)
  object space 349696K, 99% used [0x00000000e0000000,0x00000000f557f2c0,0x00000000f5580000)
 Metaspace       used 64644K, committed 65664K, reserved 1114112K
  class space    used 6248K, committed 6720K, reserved 1048576K
}
Event: 767.790 GC heap after
{Heap after GC invocations=550 (full 454):
 PSYoungGen      total 73216K, used 46078K [0x00000000f5580000, 0x00000000fb900000, 0x0000000100000000)
  eden space 46080K, 99% used [0x00000000f5580000,0x00000000f827f9a8,0x00000000f8280000)
  from space 27136K, 0% used [0x00000000f8280000,0x00000000f8280000,0x00000000f9d00000)
  to   space 26112K, 0% used [0x00000000f9e00000,0x00000000f9e00000,0x00000000fb780000)
 ParOldGen       total 349696K, used 349692K [0x00000000e0000000, 0x00000000f5580000, 0x00000000f5580000)
  object space 349696K, 99% used [0x00000000e0000000,0x00000000f557f2c0,0x00000000f5580000)
 Metaspace       used 64644K, committed 65664K, reserved 1114112K
  class space    used 6248K, committed 6720K, reserved 1048576K
}
Event: 767.793 GC heap before
{Heap before GC invocations=551 (full 455):
 PSYoungGen      total 73216K, used 46080K [0x00000000f5580000, 0x00000000fb900000, 0x0000000100000000)
  eden space 46080K, 100% used [0x00000000f5580000,0x00000000f8280000,0x00000000f8280000)
  from space 27136K, 0% used [0x00000000f8280000,0x00000000f8280000,0x00000000f9d00000)
  to   space 26112K, 0% used [0x00000000f9e00000,0x00000000f9e00000,0x00000000fb780000)
 ParOldGen       total 349696K, used 349695K [0x00000000e0000000, 0x00000000f5580000, 0x00000000f5580000)
  object space 349696K, 99% used [0x00000000e0000000,0x00000000f557fff8,0x00000000f5580000)
 Metaspace       used 64644K, committed 65664K, reserved 1114112K
  class space    used 6248K, committed 6720K, reserved 1048576K
}
Event: 769.582 GC heap after
{Heap after GC invocations=551 (full 455):
 PSYoungGen      total 72192K, used 46079K [0x00000000f5580000, 0x00000000fb900000, 0x0000000100000000)
  eden space 46080K, 99% used [0x00000000f5580000,0x00000000f827fd30,0x00000000f8280000)
  from space 26112K, 0% used [0x00000000f9e00000,0x00000000f9e00000,0x00000000fb780000)
  to   space 27136K, 0% used [0x00000000f8280000,0x00000000f8280000,0x00000000f9d00000)
 ParOldGen       total 349696K, used 349695K [0x00000000e0000000, 0x00000000f5580000, 0x00000000f5580000)
  object space 349696K, 99% used [0x00000000e0000000,0x00000000f557fe48,0x00000000f5580000)
 Metaspace       used 64644K, committed 65664K, reserved 1114112K
  class space    used 6248K, committed 6720K, reserved 1048576K
}
Event: 769.583 GC heap before
{Heap before GC invocations=552 (full 456):
 PSYoungGen      total 72192K, used 46079K [0x00000000f5580000, 0x00000000fb900000, 0x0000000100000000)
  eden space 46080K, 99% used [0x00000000f5580000,0x00000000f827fe10,0x00000000f8280000)
  from space 26112K, 0% used [0x00000000f9e00000,0x00000000f9e00000,0x00000000fb780000)
  to   space 27136K, 0% used [0x00000000f8280000,0x00000000f8280000,0x00000000f9d00000)
 ParOldGen       total 349696K, used 349695K [0x00000000e0000000, 0x00000000f5580000, 0x00000000f5580000)
  object space 349696K, 99% used [0x00000000e0000000,0x00000000f557fe48,0x00000000f5580000)
 Metaspace       used 64644K, committed 65664K, reserved 1114112K
  class space    used 6248K, committed 6720K, reserved 1048576K
}
Event: 771.072 GC heap after
{Heap after GC invocations=552 (full 456):
 PSYoungGen      total 73216K, used 46079K [0x00000000f5580000, 0x00000000fb900000, 0x0000000100000000)
  eden space 46080K, 99% used [0x00000000f5580000,0x00000000f827fd30,0x00000000f8280000)
  from space 27136K, 0% used [0x00000000f8280000,0x00000000f8280000,0x00000000f9d00000)
  to   space 26112K, 0% used [0x00000000f9e00000,0x00000000f9e00000,0x00000000fb780000)
 ParOldGen       total 349696K, used 349695K [0x00000000e0000000, 0x00000000f5580000, 0x00000000f5580000)
  object space 349696K, 99% used [0x00000000e0000000,0x00000000f557fe48,0x00000000f5580000)
 Metaspace       used 64644K, committed 65664K, reserved 1114112K
  class space    used 6248K, committed 6720K, reserved 1048576K
}
Event: 771.072 GC heap before
{Heap before GC invocations=553 (full 457):
 PSYoungGen      total 73216K, used 46079K [0x00000000f5580000, 0x00000000fb900000, 0x0000000100000000)
  eden space 46080K, 99% used [0x00000000f5580000,0x00000000f827fd30,0x00000000f8280000)
  from space 27136K, 0% used [0x00000000f8280000,0x00000000f8280000,0x00000000f9d00000)
  to   space 26112K, 0% used [0x00000000f9e00000,0x00000000f9e00000,0x00000000fb780000)
 ParOldGen       total 349696K, used 349695K [0x00000000e0000000, 0x00000000f5580000, 0x00000000f5580000)
  object space 349696K, 99% used [0x00000000e0000000,0x00000000f557fe48,0x00000000f5580000)
 Metaspace       used 64644K, committed 65664K, reserved 1114112K
  class space    used 6248K, committed 6720K, reserved 1048576K
}
Event: 772.681 GC heap after
{Heap after GC invocations=553 (full 457):
 PSYoungGen      total 72192K, used 46079K [0x00000000f5580000, 0x00000000fb900000, 0x0000000100000000)
  eden space 46080K, 99% used [0x00000000f5580000,0x00000000f827fd30,0x00000000f8280000)
  from space 26112K, 0% used [0x00000000f9e00000,0x00000000f9e00000,0x00000000fb780000)
  to   space 27136K, 0% used [0x00000000f8280000,0x00000000f8280000,0x00000000f9d00000)
 ParOldGen       total 349696K, used 349695K [0x00000000e0000000, 0x00000000f5580000, 0x00000000f5580000)
  object space 349696K, 99% used [0x00000000e0000000,0x00000000f557fe48,0x00000000f5580000)
 Metaspace       used 64644K, committed 65664K, reserved 1114112K
  class space    used 6248K, committed 6720K, reserved 1048576K
}

Dll operation events (9 events):
Event: 0.002 Loaded shared library /nix/store/gpxl5qgg8kicmcvivwmybwjlpf7wh20l-graalvm17-ce-22.3.0/lib/libjava.so
Event: 0.010 Loaded shared library /nix/store/gpxl5qgg8kicmcvivwmybwjlpf7wh20l-graalvm17-ce-22.3.0/lib/libjsvml.so
Event: 0.288 Loaded shared library /nix/store/gpxl5qgg8kicmcvivwmybwjlpf7wh20l-graalvm17-ce-22.3.0/lib/libnio.so
Event: 0.292 Loaded shared library /nix/store/gpxl5qgg8kicmcvivwmybwjlpf7wh20l-graalvm17-ce-22.3.0/lib/libzip.so
Event: 0.294 Loaded shared library /nix/store/gpxl5qgg8kicmcvivwmybwjlpf7wh20l-graalvm17-ce-22.3.0/lib/libjvmcicompiler.so
Event: 0.661 Loaded shared library /nix/store/gpxl5qgg8kicmcvivwmybwjlpf7wh20l-graalvm17-ce-22.3.0/lib/libjimage.so
Event: 1.083 Loaded shared library /nix/store/gpxl5qgg8kicmcvivwmybwjlpf7wh20l-graalvm17-ce-22.3.0/lib/libnet.so
Event: 4.289 Loaded shared library /home/runner/.cache/jdt-language-server/config/org.eclipse.equinox.launcher/org.eclipse.equinox.launcher.gtk.linux.x86_64_1.2.400.v20211117-0650/eclipse_11600.so
Event: 13.168 Loaded shared library /nix/store/gpxl5qgg8kicmcvivwmybwjlpf7wh20l-graalvm17-ce-22.3.0/lib/libextnet.so

Deoptimization events (20 events):
Event: 129.805 Thread 0x00007f5828335780 DEOPT PACKING pc=0x00007f589b2198fb sp=0x00007f58573fdb80
Event: 129.805 Thread 0x00007f5828335780 DEOPT UNPACKING pc=0x00007f5893505325 sp=0x00007f58573fd030 mode 3
Event: 131.463 Thread 0x00007f5828335780 DEOPT PACKING pc=0x00007f589444756e sp=0x00007f58573fda00
Event: 131.463 Thread 0x00007f5828335780 DEOPT UNPACKING pc=0x00007f5893505325 sp=0x00007f58573fcf28 mode 0
Event: 136.279 Thread 0x00007f5828335780 DEOPT PACKING pc=0x00007f58946ccd53 sp=0x00007f58573fd690
Event: 136.279 Thread 0x00007f5828335780 DEOPT UNPACKING pc=0x00007f5893505325 sp=0x00007f58573fcd58 mode 0
Event: 138.085 Thread 0x00007f5828335780 DEOPT PACKING pc=0x00007f58946ccd53 sp=0x00007f58573fcf00
Event: 138.085 Thread 0x00007f5828335780 DEOPT UNPACKING pc=0x00007f5893505325 sp=0x00007f58573fc5c8 mode 0
Event: 143.974 Thread 0x00007f58ac23c420 DEOPT PACKING pc=0x00007f589484431a sp=0x00007f58579fd670
Event: 143.974 Thread 0x00007f58ac23c420 DEOPT UNPACKING pc=0x00007f5893505325 sp=0x00007f58579fcb88 mode 0
Event: 145.664 Thread 0x00007f5828335780 DEOPT PACKING pc=0x00007f5894bb1b20 sp=0x00007f58573fdf70
Event: 145.664 Thread 0x00007f5828335780 DEOPT UNPACKING pc=0x00007f5893505325 sp=0x00007f58573fd4a0 mode 0
Event: 150.409 Thread 0x00007f5808476400 DEOPT PACKING pc=0x00007f589484431a sp=0x00007f58576fdd10
Event: 150.409 Thread 0x00007f5808476400 DEOPT UNPACKING pc=0x00007f5893505325 sp=0x00007f58576fd228 mode 0
Event: 266.623 Thread 0x00007f5808476400 DEOPT PACKING pc=0x00007f58949b9482 sp=0x00007f58576fd0f0
Event: 266.623 Thread 0x00007f5808476400 DEOPT UNPACKING pc=0x00007f5893505325 sp=0x00007f58576fc5f8 mode 0
Event: 477.761 Thread 0x00007f583c004030 Uncommon trap: trap_request=0xffffffed fr.pc=0x00007f589b22c9db relative=0x000000000000005b
Event: 477.761 Thread 0x00007f583c004030 Uncommon trap: reason=null_assert_or_unreached0 action=reinterpret pc=0x00007f589b22c9db method=java.lang.Thread.interrupted()Z @ 8 jvmci
Event: 477.761 Thread 0x00007f583c004030 DEOPT PACKING pc=0x00007f589b22c9db sp=0x00007f58584fe650
Event: 477.761 Thread 0x00007f583c004030 DEOPT UNPACKING pc=0x00007f5893505325 sp=0x00007f58584fdae0 mode 3

Classes unloaded (20 events):
Event: 135.475 Thread 0x00007f58ac0a1c10 Unloading class 0x0000000801058400 'java/lang/invoke/LambdaForm$MH+0x0000000801058400'
Event: 135.475 Thread 0x00007f58ac0a1c10 Unloading class 0x0000000801058000 'java/lang/invoke/LambdaForm$MH+0x0000000801058000'
Event: 135.475 Thread 0x00007f58ac0a1c10 Unloading class 0x0000000800ef1000 'jdk/internal/reflect/GeneratedConstructorAccessor12'
Event: 135.475 Thread 0x00007f58ac0a1c10 Unloading class 0x0000000800ef0800 'jdk/internal/reflect/GeneratedConstructorAccessor10'
Event: 135.475 Thread 0x00007f58ac0a1c10 Unloading class 0x0000000800ef0400 'jdk/internal/reflect/GeneratedConstructorAccessor9'
Event: 135.475 Thread 0x00007f58ac0a1c10 Unloading class 0x0000000800ef0000 'jdk/internal/reflect/GeneratedConstructorAccessor8'
Event: 135.475 Thread 0x00007f58ac0a1c10 Unloading class 0x0000000800d99000 'java/lang/invoke/LambdaForm$MH+0x0000000800d99000'
Event: 135.475 Thread 0x00007f58ac0a1c10 Unloading class 0x0000000800d98c00 'java/lang/invoke/LambdaForm$MH+0x0000000800d98c00'
Event: 135.475 Thread 0x00007f58ac0a1c10 Unloading class 0x0000000800d98800 'java/lang/invoke/LambdaForm$MH+0x0000000800d98800'
Event: 135.475 Thread 0x00007f58ac0a1c10 Unloading class 0x0000000800d98400 'java/lang/invoke/LambdaForm$MH+0x0000000800d98400'
Event: 135.475 Thread 0x00007f58ac0a1c10 Unloading class 0x0000000800d98000 'jdk/internal/reflect/GeneratedConstructorAccessor3'
Event: 135.475 Thread 0x00007f58ac0a1c10 Unloading class 0x0000000800d06800 'java/lang/invoke/LambdaForm$MH+0x0000000800d06800'
Event: 135.475 Thread 0x00007f58ac0a1c10 Unloading class 0x0000000800d06000 'java/lang/invoke/LambdaForm$MH+0x0000000800d06000'
Event: 135.475 Thread 0x00007f58ac0a1c10 Unloading class 0x0000000800d05c00 'java/lang/invoke/LambdaForm$MH+0x0000000800d05c00'
Event: 135.475 Thread 0x00007f58ac0a1c10 Unloading class 0x0000000800d05800 'java/lang/invoke/LambdaForm$MH+0x0000000800d05800'
Event: 135.475 Thread 0x00007f58ac0a1c10 Unloading class 0x0000000800d05000 'java/lang/invoke/LambdaForm$MH+0x0000000800d05000'
Event: 135.475 Thread 0x00007f58ac0a1c10 Unloading class 0x0000000800d04c00 'java/lang/invoke/LambdaForm$MH+0x0000000800d04c00'
Event: 135.475 Thread 0x00007f58ac0a1c10 Unloading class 0x0000000800d04800 'java/lang/invoke/LambdaForm$MH+0x0000000800d04800'
Event: 135.475 Thread 0x00007f58ac0a1c10 Unloading class 0x0000000800d04000 'java/lang/invoke/LambdaForm$MH+0x0000000800d04000'
Event: 274.167 Thread 0x00007f58ac0a1c10 Unloading class 0x0000000801122c00 'jdk/internal/reflect/GeneratedConstructorAccessor49'

Classes redefined (0 events):
No events

Internal exceptions (20 events):
Event: 42.688 Thread 0x00007f5840304a60 Exception <a 'java/lang/NoSuchMethodError'{0x00000000f5a7ac48}: 'java.lang.Object java.lang.invoke.DirectMethodHandle$Holder.newInvokeSpecial(java.lang.Object, java.lang.Object, int, java.lang.Object, java.lang.Object)'> (0x00000000f5a7ac48) 
thrown [src/hotspot/share/interpreter/linkResolver.cpp, line 758]
Event: 42.688 Thread 0x00007f5840304a60 Exception <a 'java/lang/NoSuchMethodError'{0x00000000f5a802b0}: 'java.lang.Object java.lang.invoke.DirectMethodHandle$Holder.invokeSpecial(java.lang.Object, java.lang.Object, java.lang.Object, int, java.lang.Object, java.lang.Object)'> (0x00000000f5a802b0) 
thrown [src/hotspot/share/interpreter/linkResolver.cpp, line 758]
Event: 42.797 Thread 0x00007f5840304a60 Implicit null exception at 0x00007f589b14f0b0 to 0x00007f589b14f306
Event: 42.907 Thread 0x00007f5840304a60 Exception <a 'java/lang/NoSuchMethodError'{0x00000000f65192a0}: 'java.lang.Object java.lang.invoke.DirectMethodHandle$Holder.newInvokeSpecial(java.lang.Object, java.lang.Object, java.lang.Object, int, java.lang.Object)'> (0x00000000f65192a0) 
thrown [src/hotspot/share/interpreter/linkResolver.cpp, line 758]
Event: 42.907 Thread 0x00007f5840304a60 Exception <a 'java/lang/NoSuchMethodError'{0x00000000f651e198}: 'java.lang.Object java.lang.invoke.DirectMethodHandle$Holder.invokeSpecial(java.lang.Object, java.lang.Object, java.lang.Object, java.lang.Object, int, java.lang.Object)'> (0x00000000f651e198) 
thrown [src/hotspot/share/interpreter/linkResolver.cpp, line 758]
Event: 42.907 Thread 0x00007f5840304a60 Exception <a 'java/lang/NoSuchMethodError'{0x00000000f6522b18}: 'java.lang.Object java.lang.invoke.Invokers$Holder.linkToTargetMethod(java.lang.Object, java.lang.Object, int, java.lang.Object, java.lang.Object)'> (0x00000000f6522b18) 
thrown [src/hotspot/share/interpreter/linkResolver.cpp, line 758]
Event: 45.610 Thread 0x00007f5840484f60 Implicit null exception at 0x00007f589b02d5f5 to 0x00007f589b02dc44
Event: 53.076 Thread 0x00007f581014ec70 Exception <a 'java/lang/ArrayIndexOutOfBoundsException'{0x00000000f60a6fe0}: Index 924 out of bounds for length 924> (0x00000000f60a6fe0) 
thrown [src/hotspot/share/interpreter/interpreterRuntime.cpp, line 428]
Event: 53.361 Thread 0x00007f581014ec70 Exception <a 'java/lang/ArrayIndexOutOfBoundsException'{0x00000000f675ec20}: Index 924 out of bounds for length 924> (0x00000000f675ec20) 
thrown [src/hotspot/share/interpreter/interpreterRuntime.cpp, line 428]
Event: 53.361 Thread 0x00007f581014ec70 Exception <a 'java/lang/ArrayIndexOutOfBoundsException'{0x00000000f6761458}: Index 924 out of bounds for length 924> (0x00000000f6761458) 
thrown [src/hotspot/share/interpreter/interpreterRuntime.cpp, line 428]
Event: 53.362 Thread 0x00007f581014ec70 Exception <a 'java/lang/ArrayIndexOutOfBoundsException'{0x00000000f6761778}: Index 925 out of bounds for length 924> (0x00000000f6761778) 
thrown [src/hotspot/share/interpreter/interpreterRuntime.cpp, line 428]
Event: 56.973 Thread 0x00007f58101117a0 Exception <a 'java/lang/ArrayIndexOutOfBoundsException'{0x00000000f6e32308}: Index 935 out of bounds for length 935> (0x00000000f6e32308) 
thrown [src/hotspot/share/interpreter/interpreterRuntime.cpp, line 428]
Event: 57.195 Thread 0x00007f58101364a0 Exception <a 'java/io/FileNotFoundException'{0x00000000f5789c38}> (0x00000000f5789c38) 
thrown [src/hotspot/share/prims/jni.cpp, line 516]
Event: 58.076 Thread 0x00007f5810135400 Exception <a 'java/lang/NoSuchMethodError'{0x00000000f5ac8290}: 'java.lang.Object java.lang.invoke.DirectMethodHandle$Holder.newInvokeSpecial(java.lang.Object, java.lang.Object, int, java.lang.Object, java.lang.Object, java.lang.Object, java.lang.Object)'> (0x00000000f5ac8290) 
thrown [src/hotspot/share/interpreter/linkResolver.cpp, line 758]
Event: 58.190 Thread 0x00007f5810135400 Exception <a 'java/lang/NoSuchMethodError'{0x00000000f613a8f8}: 'void java.lang.invoke.DirectMethodHandle$Holder.invokeSpecial(java.lang.Object, java.lang.Object, int)'> (0x00000000f613a8f8) 
thrown [src/hotspot/share/interpreter/linkResolver.cpp, line 758]
Event: 61.177 Thread 0x00007f5810135400 Exception <a 'java/lang/NoSuchMethodError'{0x00000000f73e2f48}: 'int java.lang.invoke.DirectMethodHandle$Holder.invokeSpecialIFC(java.lang.Object, java.lang.Object, java.lang.Object, java.lang.Object)'> (0x00000000f73e2f48) 
thrown [src/hotspot/share/interpreter/linkResolver.cpp, line 758]
Event: 64.068 Thread 0x00007f58101364a0 Exception <a 'java/lang/NoSuchMethodError'{0x00000000f65b69f8}: 'java.lang.Object java.lang.invoke.DirectMethodHandle$Holder.invokeStatic(java.lang.Object, int, java.lang.Object, java.lang.Object, java.lang.Object, java.lang.Object)'> (0x00000000f65b69f8) 
thrown [src/hotspot/share/interpreter/linkResolver.cpp, line 758]
Event: 64.070 Thread 0x00007f58101364a0 Exception <a 'java/lang/NoSuchMethodError'{0x00000000f6750260}: 'java.lang.Object java.lang.invoke.DirectMethodHandle$Holder.newInvokeSpecial(java.lang.Object, int, java.lang.Object, java.lang.Object, java.lang.Object)'> (0x00000000f6750260) 
thrown [src/hotspot/share/interpreter/linkResolver.cpp, line 758]
Event: 83.261 Thread 0x00007f5810113950 Exception <a 'java/lang/ArrayIndexOutOfBoundsException'{0x00000000f827f950}> (0x00000000f827f950) 
thrown [src/hotspot/share/runtime/sharedRuntime.cpp, line 628]
Event: 772.682 Thread 0x00007f58ac0b2540 Exception <a 'java/lang/OutOfMemoryError'{0x00000000e0004a40}> (0x00000000e0004a40) 
thrown [src/hotspot/share/gc/shared/memAllocator.cpp, line 136]

VM Operations (20 events):
Event: 755.126 Executing VM operation: ParallelGCFailedAllocation
Event: 756.686 Executing VM operation: ParallelGCFailedAllocation done
Event: 756.687 Executing VM operation: ParallelGCFailedAllocation
Event: 758.372 Executing VM operation: ParallelGCFailedAllocation done
Event: 758.373 Executing VM operation: ParallelGCFailedAllocation
Event: 759.927 Executing VM operation: ParallelGCFailedAllocation done
Event: 759.927 Executing VM operation: ParallelGCFailedAllocation
Event: 761.469 Executing VM operation: ParallelGCFailedAllocation done
Event: 761.469 Executing VM operation: ParallelGCFailedAllocation
Event: 762.905 Executing VM operation: ParallelGCFailedAllocation done
Event: 762.905 Executing VM operation: ParallelGCFailedAllocation
Event: 764.390 Executing VM operation: ParallelGCFailedAllocation done
Event: 764.390 Executing VM operation: ParallelGCFailedAllocation
Event: 766.036 Executing VM operation: ParallelGCFailedAllocation done
Event: 766.036 Executing VM operation: ParallelGCFailedAllocation
Event: 767.790 Executing VM operation: ParallelGCFailedAllocation done
Event: 767.790 Executing VM operation: ParallelGCFailedAllocation
Event: 769.582 Executing VM operation: ParallelGCFailedAllocation done
Event: 769.583 Executing VM operation: ParallelGCFailedAllocation
Event: 772.681 Executing VM operation: ParallelGCFailedAllocation done

Events (20 events):
Event: 155.469 Thread 0x00007f58ac0b4ea0 flushing nmethod 0x00007f58949c1d90
Event: 158.571 Thread 0x00007f58ac0b4ea0 flushing nmethod 0x00007f5894a4fc10
Event: 158.571 Thread 0x00007f58ac0b4ea0 flushing nmethod 0x00007f5894a51390
Event: 158.571 Thread 0x00007f58ac0b4ea0 flushing nmethod 0x00007f5894a58690
Event: 158.571 Thread 0x00007f58ac0b4ea0 flushing nmethod 0x00007f5894a6ea90
Event: 158.571 Thread 0x00007f58ac0b4ea0 flushing nmethod 0x00007f5894abfd10
Event: 158.571 Thread 0x00007f58ac0b4ea0 flushing nmethod 0x00007f5894ad1210
Event: 158.572 Thread 0x00007f58ac0b4ea0 flushing nmethod 0x00007f5894b51b90
Event: 158.572 Thread 0x00007f58ac0b4ea0 flushing nmethod 0x00007f5894b72d90
Event: 322.092 Thread 0x00007f580c007c20 Thread added: 0x00007f580c007c20
Event: 322.101 Protecting memory [0x00007f5858200000,0x00007f5858204000] with protection modes 0
Event: 403.666 loading class java/io/InterruptedIOException
Event: 403.666 loading class java/io/InterruptedIOException done
Event: 403.666 loading class javax/net/ssl/SSLException
Event: 403.666 loading class javax/net/ssl/SSLException done
Event: 403.666 loading class java/lang/AssertionError
Event: 410.066 loading class java/lang/AssertionError done
Event: 448.236 Thread 0x00007f580845e850 Thread exited: 0x00007f580845e850
Event: 477.761 Thread 0x00007f580845e0f0 Thread exited: 0x00007f580845e0f0
Event: 479.432 Thread 0x00007f583c004030 Thread exited: 0x00007f583c004030


Dynamic libraries:
e0000000-f5580000 rw-p 00000000 00:00 0 
f5580000-fb900000 rw-p 00000000 00:00 0 
fb900000-100000000 ---p 00000000 00:00 0 
800000000-800449000 rw-p 00001000 00:c42 4611686019135357769             /nix/store/gpxl5qgg8kicmcvivwmybwjlpf7wh20l-graalvm17-ce-22.3.0/lib/server/classes.jsa
800449000-800bc8000 r--p 0044a000 00:c42 4611686019135357769             /nix/store/gpxl5qgg8kicmcvivwmybwjlpf7wh20l-graalvm17-ce-22.3.0/lib/server/classes.jsa
800bc8000-800c00000 ---p 00000000 00:00 0 
800c00000-800c20000 rw-p 00000000 00:00 0 
800c20000-800c40000 rw-p 00000000 00:00 0 
800c40000-800cc0000 rw-p 00000000 00:00 0 
800cc0000-800d00000 rw-p 00000000 00:00 0 
800d00000-800dc0000 rw-p 00000000 00:00 0 
800dc0000-800e00000 rw-p 00000000 00:00 0 
800e00000-800f40000 rw-p 00000000 00:00 0 
800f40000-800fc0000 rw-p 00000000 00:00 0 
800fc0000-801290000 rw-p 00000000 00:00 0 
801290000-840c00000 ---p 00000000 00:00 0 
559470471000-559470472000 r-xp 00000000 00:c42 4611686019099417844       /nix/store/gpxl5qgg8kicmcvivwmybwjlpf7wh20l-graalvm17-ce-22.3.0/bin/.java-wrapped
559470473000-559470474000 r--p 00001000 00:c42 4611686019099417844       /nix/store/gpxl5qgg8kicmcvivwmybwjlpf7wh20l-graalvm17-ce-22.3.0/bin/.java-wrapped
559470474000-559470475000 rw-p 00002000 00:c42 4611686019099417844       /nix/store/gpxl5qgg8kicmcvivwmybwjlpf7wh20l-graalvm17-ce-22.3.0/bin/.java-wrapped
559470475000-559470476000 rw-p 00004000 00:c42 4611686019099417844       /nix/store/gpxl5qgg8kicmcvivwmybwjlpf7wh20l-graalvm17-ce-22.3.0/bin/.java-wrapped
559470476000-559470477000 rw-p 00005000 00:c42 4611686019099417844       /nix/store/gpxl5qgg8kicmcvivwmybwjlpf7wh20l-graalvm17-ce-22.3.0/bin/.java-wrapped
55947207d000-5594720c5000 rw-p 00000000 00:00 0                          [heap]
7f57d8000000-7f57d8058000 rw-p 00000000 00:00 0 
7f57d8058000-7f57dc000000 ---p 00000000 00:00 0 
7f57dc000000-7f57dc0a6000 rw-p 00000000 00:00 0 
7f57dc0a6000-7f57e0000000 ---p 00000000 00:00 0 
7f57e0000000-7f57e00c3000 rw-p 00000000 00:00 0 
7f57e00c3000-7f57e4000000 ---p 00000000 00:00 0 
7f57e4000000-7f57e4078000 rw-p 00000000 00:00 0 
7f57e4078000-7f57e8000000 ---p 00000000 00:00 0 
7f57e8000000-7f57e8021000 rw-p 00000000 00:00 0 
7f57e8021000-7f57ec000000 ---p 00000000 00:00 0 
7f57ec000000-7f57ec021000 rw-p 00000000 00:00 0 
7f57ec021000-7f57f0000000 ---p 00000000 00:00 0 
7f57f0000000-7f57f0021000 rw-p 00000000 00:00 0 
7f57f0021000-7f57f4000000 ---p 00000000 00:00 0 
7f57f4000000-7f57f4021000 rw-p 00000000 00:00 0 
7f57f4021000-7f57f8000000 ---p 00000000 00:00 0 
7f57f8000000-7f57f8021000 rw-p 00000000 00:00 0 
7f57f8021000-7f57fc000000 ---p 00000000 00:00 0 
7f57fdc00000-7f57fddb0000 rw-p 00000000 00:00 0 
7f57fddb0000-7f57fe400000 ---p 00000000 00:00 0 
7f57fe4b3000-7f5808000000 r--s 00000000 00:c42 4611686019135192581       /nix/store/gpxl5qgg8kicmcvivwmybwjlpf7wh20l-graalvm17-ce-22.3.0/lib/modules
7f5808000000-7f5808527000 rw-p 00000000 00:00 0 
7f5808527000-7f580c000000 ---p 00000000 00:00 0 
7f580c000000-7f580c028000 rw-p 00000000 00:00 0 
7f580c028000-7f5810000000 ---p 00000000 00:00 0 
7f5810000000-7f581016d000 rw-p 00000000 00:00 0 
7f581016d000-7f5814000000 ---p 00000000 00:00 0 
7f5814000000-7f5814021000 rw-p 00000000 00:00 0 
7f5814021000-7f5818000000 ---p 00000000 00:00 0 
7f5818000000-7f5818021000 rw-p 00000000 00:00 0 
7f5818021000-7f581c000000 ---p 00000000 00:00 0 
7f581c000000-7f581c10d000 rw-p 00000000 00:00 0 
7f581c10d000-7f5820000000 ---p 00000000 00:00 0 
7f5820000000-7f5820021000 rw-p 00000000 00:00 0 
7f5820021000-7f5824000000 ---p 00000000 00:00 0 
7f5824400000-7f5824780000 rw-p 00000000 00:00 0 
7f5824780000-7f58247e0000 rw-p 00000000 00:00 0 
7f58247e0000-7f5824800000 ---p 00000000 00:00 0 
7f5824800000-7f5824c00000 rw-p 00000000 00:00 0 
7f5825c00000-7f58260e0000 rw-p 00000000 00:00 0 
7f58260e0000-7f5826400000 rw-p 00000000 00:00 0 
7f5826800000-7f5826980000 rw-p 00000000 00:00 0 
7f5826980000-7f5826a00000 rw-p 00000000 00:00 0 
7f5826a00000-7f5826d00000 rw-p 00000000 00:00 0 
7f5826d00000-7f5826e00000 rw-p 00000000 00:00 0 
7f5826e00000-7f5827000000 rw-p 00000000 00:00 0 
7f5827000000-7f5827080000 rw-p 00000000 00:00 0 
7f5827080000-7f5827100000 rw-p 00000000 00:00 0 
7f5827100000-7f5827300000 rw-p 00000000 00:00 0 
7f5827300000-7f5827400000 rw-p 00000000 00:00 0 
7f5827400000-7f5827500000 rw-p 00000000 00:00 0 
7f5827500000-7f5827600000 rw-p 00000000 00:00 0 
7f5827600000-7f5827800000 rw-p 00000000 00:00 0 
7f5827800000-7f5827900000 rw-p 00000000 00:00 0 
7f5827900000-7f5827a00000 rw-p 00000000 00:00 0 
7f5827a00000-7f5827f80000 rw-p 00000000 00:00 0 
7f5827f80000-7f5828000000 rw-p 00000000 00:00 0 
7f5828000000-7f5828420000 rw-p 00000000 00:00 0 
7f5828420000-7f582c000000 ---p 00000000 00:00 0 
7f582c000000-7f582c094000 rw-p 00000000 00:00 0 
7f582c094000-7f5830000000 ---p 00000000 00:00 0 
7f5830000000-7f5830021000 rw-p 00000000 00:00 0 
7f5830021000-7f5834000000 ---p 00000000 00:00 0 
7f5834000000-7f5834069000 rw-p 00000000 00:00 0 
7f5834069000-7f5838000000 ---p 00000000 00:00 0 
7f5838000000-7f5838021000 rw-p 00000000 00:00 0 
7f5838021000-7f583c000000 ---p 00000000 00:00 0 
7f583c000000-7f583c021000 rw-p 00000000 00:00 0 
7f583c021000-7f5840000000 ---p 00000000 00:00 0 
7f5840000000-7f58408bc000 rw-p 00000000 00:00 0 
7f58408bc000-7f5844000000 ---p 00000000 00:00 0 
7f5844000000-7f5844026000 rw-p 00000000 00:00 0 
7f5844026000-7f5848000000 ---p 00000000 00:00 0 
7f5848000000-7f5848021000 rw-p 00000000 00:00 0 
7f5848021000-7f584c000000 ---p 00000000 00:00 0 
7f584c000000-7f584c021000 rw-p 00000000 00:00 0 
7f584c021000-7f5850000000 ---p 00000000 00:00 0 
7f5850000000-7f5850021000 rw-p 00000000 00:00 0 
7f5850021000-7f5854000000 ---p 00000000 00:00 0 
7f5854400000-7f5854500000 rw-p 00000000 00:00 0 
7f5854500000-7f5854600000 rw-p 00000000 00:00 0 
7f5854600000-7f5854900000 rw-p 00000000 00:00 0 
7f5854900000-7f5854a00000 rw-p 00000000 00:00 0 
7f5854a00000-7f5854c00000 rw-p 00000000 00:00 0 
7f5854c00000-7f5854c10000 r-xp 00000000 00:c0e 353                       /home/runner/.cache/jdt-language-server/config/org.eclipse.equinox.launcher/org.eclipse.equinox.launcher.gtk.linux.x86_64_1.2.400.v20211117-0650/eclipse_11600.so
7f5854c10000-7f5854e0f000 ---p 00010000 00:c0e 353                       /home/runner/.cache/jdt-language-server/config/org.eclipse.equinox.launcher/org.eclipse.equinox.launcher.gtk.linux.x86_64_1.2.400.v20211117-0650/eclipse_11600.so
7f5854e0f000-7f5854e10000 r--p 0000f000 00:c0e 353                       /home/runner/.cache/jdt-language-server/config/org.eclipse.equinox.launcher/org.eclipse.equinox.launcher.gtk.linux.x86_64_1.2.400.v20211117-0650/eclipse_11600.so
7f5854e10000-7f5854e11000 rw-p 00010000 00:c0e 353                       /home/runner/.cache/jdt-language-server/config/org.eclipse.equinox.launcher/org.eclipse.equinox.launcher.gtk.linux.x86_64_1.2.400.v20211117-0650/eclipse_11600.so
7f5855d00000-7f5855e00000 ---p 00000000 00:00 0 
7f5855e00000-7f58563af000 r--p 01122000 00:c42 4611686019135190040       /nix/store/gpxl5qgg8kicmcvivwmybwjlpf7wh20l-graalvm17-ce-22.3.0/lib/libjvmcicompiler.so
7f58563af000-7f5856500000 r--p 00000000 00:00 0 
7f5856500000-7f585653d000 rw-p 00000000 00:00 0 
7f585653d000-7f5856a5d000 rw-p 0185f000 00:c42 4611686019135190040       /nix/store/gpxl5qgg8kicmcvivwmybwjlpf7wh20l-graalvm17-ce-22.3.0/lib/libjvmcicompiler.so
7f5856a5d000-7f5856e44000 r--p 01d7f000 00:c42 4611686019135190040       /nix/store/gpxl5qgg8kicmcvivwmybwjlpf7wh20l-graalvm17-ce-22.3.0/lib/libjvmcicompiler.so
7f5856f00000-7f5856f04000 ---p 00000000 00:00 0 
7f5856f04000-7f5857000000 rw-p 00000000 00:00 0 
7f5857200000-7f5857204000 ---p 00000000 00:00 0 
7f5857204000-7f5857300000 rw-p 00000000 00:00 0 
7f5857300000-7f5857304000 ---p 00000000 00:00 0 
7f5857304000-7f5857400000 rw-p 00000000 00:00 0 
7f5857500000-7f5857504000 ---p 00000000 00:00 0 
7f5857504000-7f5857600000 rw-p 00000000 00:00 0 
7f5857600000-7f5857604000 ---p 00000000 00:00 0 
7f5857604000-7f5857700000 rw-p 00000000 00:00 0 
7f5857700000-7f5857704000 ---p 00000000 00:00 0 
7f5857704000-7f5857800000 rw-p 00000000 00:00 0 
7f5857900000-7f5857904000 ---p 00000000 00:00 0 
7f5857904000-7f5857a00000 rw-p 00000000 00:00 0 
7f5857b00000-7f5857b04000 ---p 00000000 00:00 0 
7f5857b04000-7f5857c00000 rw-p 00000000 00:00 0 
7f5857d00000-7f5857d04000 ---p 00000000 00:00 0 
7f5857d04000-7f5857e00000 rw-p 00000000 00:00 0 
7f5857e00000-7f5857e04000 ---p 00000000 00:00 0 
7f5857e04000-7f5857f00000 rw-p 00000000 00:00 0 
7f5857f00000-7f5857f04000 ---p 00000000 00:00 0 
7f5857f04000-7f5858000000 rw-p 00000000 00:00 0 
7f5858000000-7f5858004000 ---p 00000000 00:00 0 
7f5858004000-7f5858100000 rw-p 00000000 00:00 0 
7f5858100000-7f5858104000 ---p 00000000 00:00 0 
7f5858104000-7f5858200000 rw-p 00000000 00:00 0 
7f5858200000-7f5858204000 ---p 00000000 00:00 0 
7f5858204000-7f5858300000 rw-p 00000000 00:00 0 
7f5858300000-7f5858304000 ---p 00000000 00:00 0 
7f5858304000-7f5858400000 rw-p 00000000 00:00 0 
7f5858400000-7f5858404000 ---p 00000000 00:00 0 
7f5858404000-7f5858500000 rw-p 00000000 00:00 0 
7f5858500000-7f5858504000 ---p 00000000 00:00 0 
7f5858504000-7f5858600000 rw-p 00000000 00:00 0 
7f5858600000-7f5858604000 ---p 00000000 00:00 0 
7f5858604000-7f5858700000 rw-p 00000000 00:00 0 
7f5858700000-7f5858704000 ---p 00000000 00:00 0 
7f5858704000-7f5858800000 rw-p 00000000 00:00 0 
7f5858900000-7f5858904000 ---p 00000000 00:00 0 
7f5858904000-7f5858a00000 rw-p 00000000 00:00 0 
7f5859668000-7f5859b00000 rw-p 00000000 00:00 0 
7f5859c00000-7f585bd6a000 r-xp 00000000 00:c42 4611686019135190040       /nix/store/gpxl5qgg8kicmcvivwmybwjlpf7wh20l-graalvm17-ce-22.3.0/lib/libjvmcicompiler.so
7f585bd6a000-7f585bf69000 ---p 0216a000 00:c42 4611686019135190040       /nix/store/gpxl5qgg8kicmcvivwmybwjlpf7wh20l-graalvm17-ce-22.3.0/lib/libjvmcicompiler.so
7f585bf69000-7f585bf6a000 r--p 02169000 00:c42 4611686019135190040       /nix/store/gpxl5qgg8kicmcvivwmybwjlpf7wh20l-graalvm17-ce-22.3.0/lib/libjvmcicompiler.so
7f585bf6a000-7f585bf6c000 rw-p 0216a000 00:c42 4611686019135190040       /nix/store/gpxl5qgg8kicmcvivwmybwjlpf7wh20l-graalvm17-ce-22.3.0/lib/libjvmcicompiler.so
7f585bf6c000-7f585bf6d000 rw-p 00000000 00:00 0 
7f585bf6d000-7f585bf72000 rw-p 023c3000 00:c42 4611686019135190040       /nix/store/gpxl5qgg8kicmcvivwmybwjlpf7wh20l-graalvm17-ce-22.3.0/lib/libjvmcicompiler.so
7f585c000000-7f585c021000 rw-p 00000000 00:00 0 
7f585c021000-7f5860000000 ---p 00000000 00:00 0 
7f5860000000-7f5860021000 rw-p 00000000 00:00 0 
7f5860021000-7f5864000000 ---p 00000000 00:00 0 
7f5864000000-7f5864039000 rw-p 00000000 00:00 0 
7f5864039000-7f5868000000 ---p 00000000 00:00 0 
7f5868000000-7f5868021000 rw-p 00000000 00:00 0 
7f5868021000-7f586c000000 ---p 00000000 00:00 0 
7f586c000000-7f586c101000 rw-p 00000000 00:00 0 
7f586c101000-7f5870000000 ---p 00000000 00:00 0 
7f5870000000-7f5870b5d000 rw-p 00000000 00:00 0 
7f5870b5d000-7f5874000000 ---p 00000000 00:00 0 
7f5874000000-7f5874021000 rw-p 00000000 00:00 0 
7f5874021000-7f5878000000 ---p 00000000 00:00 0 
7f5878000000-7f5878021000 rw-p 00000000 00:00 0 
7f5878021000-7f587c000000 ---p 00000000 00:00 0 
7f587c000000-7f587c021000 rw-p 00000000 00:00 0 
7f587c021000-7f5880000000 ---p 00000000 00:00 0 
7f5880000000-7f5880021000 rw-p 00000000 00:00 0 
7f5880021000-7f5884000000 ---p 00000000 00:00 0 
7f5884000000-7f5884021000 rw-p 00000000 00:00 0 
7f5884021000-7f5888000000 ---p 00000000 00:00 0 
7f5888000000-7f5888021000 rw-p 00000000 00:00 0 
7f5888021000-7f588c000000 ---p 00000000 00:00 0 
7f588c000000-7f588c072000 rw-p 00000000 00:00 0 
7f588c072000-7f5890004000 ---p 00000000 00:00 0 
7f5890004000-7f5890100000 rw-p 00000000 00:00 0 
7f5890100000-7f5890104000 ---p 00000000 00:00 0 
7f5890104000-7f5890200000 rw-p 00000000 00:00 0 
7f5890300000-7f5890304000 ---p 00000000 00:00 0 
7f5890304000-7f5890400000 rw-p 00000000 00:00 0 
7f5890500000-7f5890504000 ---p 00000000 00:00 0 
7f5890504000-7f5890600000 rw-p 00000000 00:00 0 
7f5890700000-7f5890704000 ---p 00000000 00:00 0 
7f5890704000-7f5890800000 rw-p 00000000 00:00 0 
7f5890818000-7f589081c000 ---p 00000000 00:00 0 
7f589081c000-7f5890918000 rw-p 00000000 00:00 0 
7f5890918000-7f5890919000 ---p 00000000 00:00 0 
7f5890919000-7f5890a1a000 rw-p 00000000 00:00 0 
7f5890a1a000-7f5890a1e000 ---p 00000000 00:00 0 
7f5890a1e000-7f5890b1a000 rw-p 00000000 00:00 0 
7f5890b1a000-7f5890b1e000 ---p 00000000 00:00 0 
7f5890b1e000-7f5890c1a000 rw-p 00000000 00:00 0 
7f5890c1a000-7f5890c1e000 ---p 00000000 00:00 0 
7f5890c1e000-7f5890d1a000 rw-p 00000000 00:00 0 
7f5890d1a000-7f5890d1e000 ---p 00000000 00:00 0 
7f5890d1e000-7f5890f1a000 rw-p 00000000 00:00 0 
7f5890f1a000-7f5890f1e000 ---p 00000000 00:00 0 
7f5890f1e000-7f589111a000 rw-p 00000000 00:00 0 
7f589111a000-7f589111e000 ---p 00000000 00:00 0 
7f589111e000-7f589121a000 rw-p 00000000 00:00 0 
7f589121a000-7f589121e000 ---p 00000000 00:00 0 
7f589121e000-7f589131a000 rw-p 00000000 00:00 0 
7f589131a000-7f589131e000 ---p 00000000 00:00 0 
7f589131e000-7f589141a000 rw-p 00000000 00:00 0 
7f589141a000-7f5891700000 r--p 00000000 00:991 28444448                  /usr/lib/locale/locale-archive
7f5891700000-7f5891704000 ---p 00000000 00:00 0 
7f5891704000-7f5891c00000 rw-p 00000000 00:00 0 
7f5891c00000-7f5891f00000 rw-p 00000000 00:00 0 
7f5891f00000-7f5892000000 rw-p 00000000 00:00 0 
7f58920db000-7f58920dd000 r-xp 00000000 00:c42 4611686019135190017       /nix/store/gpxl5qgg8kicmcvivwmybwjlpf7wh20l-graalvm17-ce-22.3.0/lib/libextnet.so
7f58920dd000-7f58920de000 r--p 00001000 00:c42 4611686019135190017       /nix/store/gpxl5qgg8kicmcvivwmybwjlpf7wh20l-graalvm17-ce-22.3.0/lib/libextnet.so
7f58920de000-7f58920df000 rw-p 00002000 00:c42 4611686019135190017       /nix/store/gpxl5qgg8kicmcvivwmybwjlpf7wh20l-graalvm17-ce-22.3.0/lib/libextnet.so
7f58920df000-7f58920e0000 rw-p 00004000 00:c42 4611686019135190017       /nix/store/gpxl5qgg8kicmcvivwmybwjlpf7wh20l-graalvm17-ce-22.3.0/lib/libextnet.so
7f58920e0000-7f58920e4000 ---p 00000000 00:00 0 
7f58920e4000-7f58921e0000 rw-p 00000000 00:00 0 
7f58921e0000-7f58921e1000 ---p 00000000 00:00 0 
7f58921e1000-7f58922e2000 rw-p 00000000 00:00 0 
7f58922e2000-7f58923b0000 r-xp 00000000 00:c42 4611686019135190036       /nix/store/gpxl5qgg8kicmcvivwmybwjlpf7wh20l-graalvm17-ce-22.3.0/lib/libjsvml.so
7f58923b0000-7f58923b1000 r--p 000cd000 00:c42 4611686019135190036       /nix/store/gpxl5qgg8kicmcvivwmybwjlpf7wh20l-graalvm17-ce-22.3.0/lib/libjsvml.so
7f58923b1000-7f58923b2000 rw-p 000ce000 00:c42 4611686019135190036       /nix/store/gpxl5qgg8kicmcvivwmybwjlpf7wh20l-graalvm17-ce-22.3.0/lib/libjsvml.so
7f58923b2000-7f58934b3000 rw-p 00000000 00:00 0 
7f58934b3000-7f5893723000 rwxp 00000000 00:00 0 
7f5893723000-7f5893a42000 ---p 00000000 00:00 0 
7f5893a42000-7f5894be2000 rwxp 00000000 00:00 0 
7f5894be2000-7f589af7a000 ---p 00000000 00:00 0 
7f589af7a000-7f589b25a000 rwxp 00000000 00:00 0 
7f589b25a000-7f58a24b3000 ---p 00000000 00:00 0 
7f58a24b3000-7f58ac000000 r--s 00000000 00:c42 4611686019135192581       /nix/store/gpxl5qgg8kicmcvivwmybwjlpf7wh20l-graalvm17-ce-22.3.0/lib/modules
7f58ac000000-7f58ac66a000 rw-p 00000000 00:00 0 
7f58ac66a000-7f58b0004000 ---p 00000000 00:00 0 
7f58b0004000-7f58b0022000 rw-p 00000000 00:00 0 
7f58b0022000-7f58b0029000 r-xp 00000000 00:c42 4611686019135192580       /nix/store/gpxl5qgg8kicmcvivwmybwjlpf7wh20l-graalvm17-ce-22.3.0/lib/libzip.so
7f58b0029000-7f58b002a000 ---p 00007000 00:c42 4611686019135192580       /nix/store/gpxl5qgg8kicmcvivwmybwjlpf7wh20l-graalvm17-ce-22.3.0/lib/libzip.so
7f58b002a000-7f58b002b000 r--p 00007000 00:c42 4611686019135192580       /nix/store/gpxl5qgg8kicmcvivwmybwjlpf7wh20l-graalvm17-ce-22.3.0/lib/libzip.so
7f58b002b000-7f58b002c000 rw-p 00008000 00:c42 4611686019135192580       /nix/store/gpxl5qgg8kicmcvivwmybwjlpf7wh20l-graalvm17-ce-22.3.0/lib/libzip.so
7f58b002c000-7f58b002e000 rw-p 0000b000 00:c42 4611686019135192580       /nix/store/gpxl5qgg8kicmcvivwmybwjlpf7wh20l-graalvm17-ce-22.3.0/lib/libzip.so
7f58b002e000-7f58b0043000 r-xp 00000000 00:c42 4611686019135192570       /nix/store/gpxl5qgg8kicmcvivwmybwjlpf7wh20l-graalvm17-ce-22.3.0/lib/libnet.so
7f58b0043000-7f58b0044000 ---p 00015000 00:c42 4611686019135192570       /nix/store/gpxl5qgg8kicmcvivwmybwjlpf7wh20l-graalvm17-ce-22.3.0/lib/libnet.so
7f58b0044000-7f58b0045000 r--p 00015000 00:c42 4611686019135192570       /nix/store/gpxl5qgg8kicmcvivwmybwjlpf7wh20l-graalvm17-ce-22.3.0/lib/libnet.so
7f58b0045000-7f58b0046000 rw-p 00016000 00:c42 4611686019135192570       /nix/store/gpxl5qgg8kicmcvivwmybwjlpf7wh20l-graalvm17-ce-22.3.0/lib/libnet.so
7f58b0046000-7f58b0049000 rw-p 0001b000 00:c42 4611686019135192570       /nix/store/gpxl5qgg8kicmcvivwmybwjlpf7wh20l-graalvm17-ce-22.3.0/lib/libnet.so
7f58b0049000-7f58b005c000 r-xp 00000000 00:c42 4611686019135192571       /nix/store/gpxl5qgg8kicmcvivwmybwjlpf7wh20l-graalvm17-ce-22.3.0/lib/libnio.so
7f58b005c000-7f58b005d000 r--p 00012000 00:c42 4611686019135192571       /nix/store/gpxl5qgg8kicmcvivwmybwjlpf7wh20l-graalvm17-ce-22.3.0/lib/libnio.so
7f58b005d000-7f58b005e000 rw-p 00013000 00:c42 4611686019135192571       /nix/store/gpxl5qgg8kicmcvivwmybwjlpf7wh20l-graalvm17-ce-22.3.0/lib/libnio.so
7f58b005e000-7f58b0063000 rw-p 00019000 00:c42 4611686019135192571       /nix/store/gpxl5qgg8kicmcvivwmybwjlpf7wh20l-graalvm17-ce-22.3.0/lib/libnio.so
7f58b0063000-7f58b083a000 rw-p 00000000 00:00 0 
7f58b083a000-7f58b083b000 ---p 00000000 00:00 0 
7f58b083b000-7f58b09e6000 rw-p 00000000 00:00 0 
7f58b09e6000-7f58b0a19000 rw-p 00000000 00:00 0 
7f58b0a19000-7f58b0a3c000 ---p 00000000 00:00 0 
7f58b0a3c000-7f58b0a43000 rw-p 00000000 00:00 0 
7f58b0a43000-7f58b0b28000 ---p 00000000 00:00 0 
7f58b0b28000-7f58b0b4c000 rw-p 00000000 00:00 0 
7f58b0b4c000-7f58b0c13000 ---p 00000000 00:00 0 
7f58b0c13000-7f58b0c18000 rw-p 00000000 00:00 0 
7f58b0c18000-7f58b0c1f000 ---p 00000000 00:00 0 
7f58b0c1f000-7f58b0c43000 r-xp 00000000 00:c42 4611686019135190028       /nix/store/gpxl5qgg8kicmcvivwmybwjlpf7wh20l-graalvm17-ce-22.3.0/lib/libjava.so
7f58b0c43000-7f58b0c44000 ---p 00024000 00:c42 4611686019135190028       /nix/store/gpxl5qgg8kicmcvivwmybwjlpf7wh20l-graalvm17-ce-22.3.0/lib/libjava.so
7f58b0c44000-7f58b0c45000 r--p 00024000 00:c42 4611686019135190028       /nix/store/gpxl5qgg8kicmcvivwmybwjlpf7wh20l-graalvm17-ce-22.3.0/lib/libjava.so
7f58b0c45000-7f58b0c46000 rw-p 00025000 00:c42 4611686019135190028       /nix/store/gpxl5qgg8kicmcvivwmybwjlpf7wh20l-graalvm17-ce-22.3.0/lib/libjava.so
7f58b0c46000-7f58b0c47000 rw-p 00000000 00:00 0 
7f58b0c47000-7f58b0c4e000 rw-p 0002f000 00:c42 4611686019135190028       /nix/store/gpxl5qgg8kicmcvivwmybwjlpf7wh20l-graalvm17-ce-22.3.0/lib/libjava.so
7f58b0c4e000-7f58b0c56000 rw-s 00000000 00:3c7 350                       /tmp/hsperfdata_runner/25
7f58b0c56000-7f58b0c57000 ---p 00000000 00:00 0 
7f58b0c57000-7f58b0c58000 r--p 00000000 00:00 0 
7f58b0c58000-7f58b0c59000 rwxp 00000000 00:00 0 
7f58b0c59000-7f58b0c74000 r-xp 00000000 00:c42 4611686019135190032       /nix/store/gpxl5qgg8kicmcvivwmybwjlpf7wh20l-graalvm17-ce-22.3.0/lib/libjimage.so
7f58b0c74000-7f58b0c75000 ---p 0001b000 00:c42 4611686019135190032       /nix/store/gpxl5qgg8kicmcvivwmybwjlpf7wh20l-graalvm17-ce-22.3.0/lib/libjimage.so
7f58b0c75000-7f58b0c77000 r--p 0001b000 00:c42 4611686019135190032       /nix/store/gpxl5qgg8kicmcvivwmybwjlpf7wh20l-graalvm17-ce-22.3.0/lib/libjimage.so
7f58b0c77000-7f58b0c78000 rw-p 0001d000 00:c42 4611686019135190032       /nix/store/gpxl5qgg8kicmcvivwmybwjlpf7wh20l-graalvm17-ce-22.3.0/lib/libjimage.so
7f58b0c78000-7f58b0c79000 rw-p 00024000 00:c42 4611686019135190032       /nix/store/gpxl5qgg8kicmcvivwmybwjlpf7wh20l-graalvm17-ce-22.3.0/lib/libjimage.so
7f58b0c79000-7f58b0c7d000 ---p 00000000 00:00 0 
7f58b0c7d000-7f58b0d79000 rw-p 00000000 00:00 0 
7f58b0d79000-7f58b0d87000 r--p 00000000 00:c42 4611686019027979927       /nix/store/4nlgxhb09sdr51nc9hdm8az5b08vzkgx-glibc-2.35-163/lib/libm.so.6
7f58b0d87000-7f58b0dfa000 r-xp 0000e000 00:c42 4611686019027979927       /nix/store/4nlgxhb09sdr51nc9hdm8az5b08vzkgx-glibc-2.35-163/lib/libm.so.6
7f58b0dfa000-7f58b0e57000 r--p 00081000 00:c42 4611686019027979927       /nix/store/4nlgxhb09sdr51nc9hdm8az5b08vzkgx-glibc-2.35-163/lib/libm.so.6
7f58b0e57000-7f58b0e58000 r--p 000dd000 00:c42 4611686019027979927       /nix/store/4nlgxhb09sdr51nc9hdm8az5b08vzkgx-glibc-2.35-163/lib/libm.so.6
7f58b0e58000-7f58b0e59000 rw-p 000de000 00:c42 4611686019027979927       /nix/store/4nlgxhb09sdr51nc9hdm8az5b08vzkgx-glibc-2.35-163/lib/libm.so.6
7f58b0e59000-7f58b0e5a000 r--p 00000000 00:c42 4611686019027979946       /nix/store/4nlgxhb09sdr51nc9hdm8az5b08vzkgx-glibc-2.35-163/lib/librt.so.1
7f58b0e5a000-7f58b0e5b000 r-xp 00001000 00:c42 4611686019027979946       /nix/store/4nlgxhb09sdr51nc9hdm8az5b08vzkgx-glibc-2.35-163/lib/librt.so.1
7f58b0e5b000-7f58b0e5c000 r--p 00002000 00:c42 4611686019027979946       /nix/store/4nlgxhb09sdr51nc9hdm8az5b08vzkgx-glibc-2.35-163/lib/librt.so.1
7f58b0e5c000-7f58b0e5d000 r--p 00002000 00:c42 4611686019027979946       /nix/store/4nlgxhb09sdr51nc9hdm8az5b08vzkgx-glibc-2.35-163/lib/librt.so.1
7f58b0e5d000-7f58b0e5e000 rw-p 00003000 00:c42 4611686019027979946       /nix/store/4nlgxhb09sdr51nc9hdm8az5b08vzkgx-glibc-2.35-163/lib/librt.so.1
7f58b0e5e000-7f58b1f71000 r-xp 00000000 00:c42 4611686019135360866       /nix/store/gpxl5qgg8kicmcvivwmybwjlpf7wh20l-graalvm17-ce-22.3.0/lib/server/libjvm.so
7f58b1f71000-7f58b1f72000 ---p 01113000 00:c42 4611686019135360866       /nix/store/gpxl5qgg8kicmcvivwmybwjlpf7wh20l-graalvm17-ce-22.3.0/lib/server/libjvm.so
7f58b1f72000-7f58b2027000 r--p 01113000 00:c42 4611686019135360866       /nix/store/gpxl5qgg8kicmcvivwmybwjlpf7wh20l-graalvm17-ce-22.3.0/lib/server/libjvm.so
7f58b2027000-7f58b205b000 rw-p 011c8000 00:c42 4611686019135360866       /nix/store/gpxl5qgg8kicmcvivwmybwjlpf7wh20l-graalvm17-ce-22.3.0/lib/server/libjvm.so
7f58b205b000-7f58b20b7000 rw-p 00000000 00:00 0 
7f58b20b7000-7f58b20df000 r--p 00000000 00:c42 4611686019027979918       /nix/store/4nlgxhb09sdr51nc9hdm8az5b08vzkgx-glibc-2.35-163/lib/libc.so.6
7f58b20df000-7f58b2255000 r-xp 00028000 00:c42 4611686019027979918       /nix/store/4nlgxhb09sdr51nc9hdm8az5b08vzkgx-glibc-2.35-163/lib/libc.so.6
7f58b2255000-7f58b22ad000 r--p 0019e000 00:c42 4611686019027979918       /nix/store/4nlgxhb09sdr51nc9hdm8az5b08vzkgx-glibc-2.35-163/lib/libc.so.6
7f58b22ad000-7f58b22b1000 r--p 001f6000 00:c42 4611686019027979918       /nix/store/4nlgxhb09sdr51nc9hdm8az5b08vzkgx-glibc-2.35-163/lib/libc.so.6
7f58b22b1000-7f58b22b3000 rw-p 001fa000 00:c42 4611686019027979918       /nix/store/4nlgxhb09sdr51nc9hdm8az5b08vzkgx-glibc-2.35-163/lib/libc.so.6
7f58b22b3000-7f58b22c2000 rw-p 00000000 00:00 0 
7f58b22c2000-7f58b22c3000 r--p 00000000 00:c42 4611686019027979923       /nix/store/4nlgxhb09sdr51nc9hdm8az5b08vzkgx-glibc-2.35-163/lib/libdl.so.2
7f58b22c3000-7f58b22c4000 r-xp 00001000 00:c42 4611686019027979923       /nix/store/4nlgxhb09sdr51nc9hdm8az5b08vzkgx-glibc-2.35-163/lib/libdl.so.2
7f58b22c4000-7f58b22c5000 r--p 00002000 00:c42 4611686019027979923       /nix/store/4nlgxhb09sdr51nc9hdm8az5b08vzkgx-glibc-2.35-163/lib/libdl.so.2
7f58b22c5000-7f58b22c6000 r--p 00002000 00:c42 4611686019027979923       /nix/store/4nlgxhb09sdr51nc9hdm8az5b08vzkgx-glibc-2.35-163/lib/libdl.so.2
7f58b22c6000-7f58b22c7000 rw-p 00003000 00:c42 4611686019027979923       /nix/store/4nlgxhb09sdr51nc9hdm8az5b08vzkgx-glibc-2.35-163/lib/libdl.so.2
7f58b22c7000-7f58b22c8000 r--p 00000000 00:c42 4611686019027979942       /nix/store/4nlgxhb09sdr51nc9hdm8az5b08vzkgx-glibc-2.35-163/lib/libpthread.so.0
7f58b22c8000-7f58b22c9000 r-xp 00001000 00:c42 4611686019027979942       /nix/store/4nlgxhb09sdr51nc9hdm8az5b08vzkgx-glibc-2.35-163/lib/libpthread.so.0
7f58b22c9000-7f58b22ca000 r--p 00002000 00:c42 4611686019027979942       /nix/store/4nlgxhb09sdr51nc9hdm8az5b08vzkgx-glibc-2.35-163/lib/libpthread.so.0
7f58b22ca000-7f58b22cb000 r--p 00002000 00:c42 4611686019027979942       /nix/store/4nlgxhb09sdr51nc9hdm8az5b08vzkgx-glibc-2.35-163/lib/libpthread.so.0
7f58b22cb000-7f58b22cc000 rw-p 00003000 00:c42 4611686019027979942       /nix/store/4nlgxhb09sdr51nc9hdm8az5b08vzkgx-glibc-2.35-163/lib/libpthread.so.0
7f58b22cc000-7f58b22da000 r-xp 00000000 00:c42 4611686019135190033       /nix/store/gpxl5qgg8kicmcvivwmybwjlpf7wh20l-graalvm17-ce-22.3.0/lib/libjli.so
7f58b22da000-7f58b22db000 ---p 0000e000 00:c42 4611686019135190033       /nix/store/gpxl5qgg8kicmcvivwmybwjlpf7wh20l-graalvm17-ce-22.3.0/lib/libjli.so
7f58b22db000-7f58b22dc000 r--p 0000e000 00:c42 4611686019135190033       /nix/store/gpxl5qgg8kicmcvivwmybwjlpf7wh20l-graalvm17-ce-22.3.0/lib/libjli.so
7f58b22dc000-7f58b22dd000 rw-p 0000f000 00:c42 4611686019135190033       /nix/store/gpxl5qgg8kicmcvivwmybwjlpf7wh20l-graalvm17-ce-22.3.0/lib/libjli.so
7f58b22dd000-7f58b22de000 rw-p 00012000 00:c42 4611686019135190033       /nix/store/gpxl5qgg8kicmcvivwmybwjlpf7wh20l-graalvm17-ce-22.3.0/lib/libjli.so
7f58b22de000-7f58b22e1000 r--p 00000000 00:c42 4611686019106210071       /nix/store/026hln0aq1hyshaxsdvhg0kmcm6yf45r-zlib-1.2.13/lib/libz.so.1.2.13
7f58b22e1000-7f58b22f3000 r-xp 00003000 00:c42 4611686019106210071       /nix/store/026hln0aq1hyshaxsdvhg0kmcm6yf45r-zlib-1.2.13/lib/libz.so.1.2.13
7f58b22f3000-7f58b22fa000 r--p 00015000 00:c42 4611686019106210071       /nix/store/026hln0aq1hyshaxsdvhg0kmcm6yf45r-zlib-1.2.13/lib/libz.so.1.2.13
7f58b22fa000-7f58b22fb000 r--p 0001b000 00:c42 4611686019106210071       /nix/store/026hln0aq1hyshaxsdvhg0kmcm6yf45r-zlib-1.2.13/lib/libz.so.1.2.13
7f58b22fb000-7f58b22fc000 rw-p 0001c000 00:c42 4611686019106210071       /nix/store/026hln0aq1hyshaxsdvhg0kmcm6yf45r-zlib-1.2.13/lib/libz.so.1.2.13
7f58b22fc000-7f58b22fe000 rw-p 00000000 00:00 0 
7f58b22fe000-7f58b2302000 r--p 00000000 00:00 0                          [vvar]
7f58b2302000-7f58b2304000 r-xp 00000000 00:00 0                          [vdso]
7f58b2304000-7f58b2306000 r--p 00000000 00:c42 4611686019027979912       /nix/store/4nlgxhb09sdr51nc9hdm8az5b08vzkgx-glibc-2.35-163/lib/ld-linux-x86-64.so.2
7f58b2306000-7f58b232d000 r-xp 00002000 00:c42 4611686019027979912       /nix/store/4nlgxhb09sdr51nc9hdm8az5b08vzkgx-glibc-2.35-163/lib/ld-linux-x86-64.so.2
7f58b232d000-7f58b2339000 r--p 00029000 00:c42 4611686019027979912       /nix/store/4nlgxhb09sdr51nc9hdm8az5b08vzkgx-glibc-2.35-163/lib/ld-linux-x86-64.so.2
7f58b2339000-7f58b233b000 r--p 00034000 00:c42 4611686019027979912       /nix/store/4nlgxhb09sdr51nc9hdm8az5b08vzkgx-glibc-2.35-163/lib/ld-linux-x86-64.so.2
7f58b233b000-7f58b233d000 rw-p 00036000 00:c42 4611686019027979912       /nix/store/4nlgxhb09sdr51nc9hdm8az5b08vzkgx-glibc-2.35-163/lib/ld-linux-x86-64.so.2
7ffc8bc52000-7ffc8bc76000 rw-p 00000000 00:00 0                          [stack]
ffffffffff600000-ffffffffff601000 --xp 00000000 00:00 0                  [vsyscall]


VM Arguments:
jvm_args: -XX:ThreadPriorityPolicy=1 -XX:+UnlockExperimentalVMOptions -XX:+EnableJVMCIProduct -XX:JVMCIThreadsPerNativeLibraryRuntime=1 -XX:-UnlockExperimentalVMOptions -Declipse.application=org.eclipse.jdt.ls.core.id1 -Dosgi.bundles.defaultStartLevel=4 -Declipse.product=org.eclipse.jdt.ls.core.product -Dlog.level=ALL -Xverify:none -XX:+UseParallelGC -XX:GCTimeRatio=4 -XX:AdaptiveSizePolicyWeight=90 -Dsun.zip.disableMemoryMapping=true -Xmx512m -Xms100m 
java_command: /nix/store/m6gcpi1ii6rghy04cjwjddcavv7i90df-jdt-language-server-1.9.0/share/java/plugins/org.eclipse.equinox.launcher_1.6.400.v20210924-0641.jar --add-modules=ALL-SYSTEM --add-opens java.base/java.util=ALL-UNNAMED --add-opens java.base/java.lang=ALL-UNNAMED -configuration /home/runner/.cache/jdt-language-server/config -data /home/runner/.cache/jdt-language-server/data/home/runner/CSC372-1-SpringA-CT1
java_class_path (initial): /nix/store/m6gcpi1ii6rghy04cjwjddcavv7i90df-jdt-language-server-1.9.0/share/java/plugins/org.eclipse.equinox.launcher_1.6.400.v20210924-0641.jar
Launcher Type: SUN_STANDARD

[Global flags]
    uintx AdaptiveSizePolicyWeight                 = 90                                        {product} {command line}
     intx CICompilerCount                          = 2                                         {product} {ergonomic}
     bool EnableJVMCIProduct                       = true                                {JVMCI product} {jimage}
    uintx GCTimeRatio                              = 4                                         {product} {command line}
   size_t InitialHeapSize                          = 104857600                                 {product} {command line}
     uint JVMCIThreadsPerNativeLibraryRuntime      = 1                                   {JVMCI product} {jimage}
   size_t MaxHeapSize                              = 536870912                                 {product} {command line}
   size_t MaxNewSize                               = 178782208                                 {product} {ergonomic}
   size_t MinHeapDeltaBytes                        = 524288                                    {product} {ergonomic}
   size_t MinHeapSize                              = 104857600                                 {product} {command line}
   size_t NewSize                                  = 34603008                                  {product} {ergonomic}
    uintx NonNMethodCodeHeapSize                   = 5826188                                {pd product} {ergonomic}
    uintx NonProfiledCodeHeapSize                  = 122916026                              {pd product} {ergonomic}
   size_t OldSize                                  = 70254592                                  {product} {ergonomic}
    uintx ProfiledCodeHeapSize                     = 122916026                              {pd product} {ergonomic}
    uintx ReservedCodeCacheSize                    = 251658240                              {pd product} {ergonomic}
     bool SegmentedCodeCache                       = true                                      {product} {ergonomic}
   size_t SoftMaxHeapSize                          = 536870912                              {manageable} {ergonomic}
     intx ThreadPriorityPolicy                     = 1                                         {product} {jimage}
     bool UseCompressedClassPointers               = true                           {product lp64_product} {ergonomic}
     bool UseCompressedOops                        = true                           {product lp64_product} {ergonomic}
     bool UseParallelGC                            = true                                      {product} {command line}

Logging:
Log output configuration:
 #0: stdout all=warning uptime,level,tags
 #1: stderr all=off uptime,level,tags

Environment Variables:
JAVA_HOME=/nix/store/gpxl5qgg8kicmcvivwmybwjlpf7wh20l-graalvm17-ce-22.3.0
PATH=/nix/store/1d6ian3r8kdzspw8hacjhl3xkp40g1lj-binutils-wrapper-2.39/bin:/nix/store/dq0xwmsk1g0i2ayg6pb7y87na2knzylh-gcc-wrapper-11.3.0/bin:/nix/store/bap4d0lpcrhpwmpb8ayjcgkmvfj62lnq-bash-interactive-5.1-p16/bin:/nix/store/pr5n59mb4jzmfx6kanwxly0l07p861fg-patchelf-0.15.0/bin:/nix/store/1gf2flfqnpqbr1b4p4qz2f72y42bs56r-gcc-11.3.0/bin:/nix/store/57xv61c5zi8pphjbcwxxjlgc34p61ic9-glibc-2.35-163-bin/bin:/nix/store/a7gvj343m05j2s32xcnwr35v31ynlypr-coreutils-9.1/bin:/nix/store/039g378vc3pc3dvi9dzdlrd0i4q93qwf-binutils-2.39/bin:/nix/store/gpxl5qgg8kicmcvivwmybwjlpf7wh20l-graalvm17-ce-22.3.0/bin:/nix/store/6z9ag3ihc8mq2hzsw48lhbznvzny65nz-apache-maven-3.8.6/bin:/nix/store/m6gcpi1ii6rghy04cjwjddcavv7i90df-jdt-language-server-1.9.0/bin:/nix/store/84xs5alhs01zrbr4ywm05kxbjbp5590l-java-debug/bin:/nix/store/mydc6f4k2z73xlcz7ilif3v2lcaiqvza-findutils-4.9.0/bin:/nix/store/j9p3g8472iijd50vhdprx0nmk2fqn5gv-diffutils-3.8/bin:/nix/store/89zs7rms6x00xfq4dq6m7mjnhkr8a6r4-gnused-4.8/bin:/nix/store/86bp03jkmsl6f92w0yzg4s59g5mhxwmy-gnugrep-3.7/bin:/nix/store/hwcdqw4jrjnd37wxqgsd47hd0j8bnj09-gawk-5.1.1/bin:/nix/store/cfbhw8r8ags41vwqaz47r583d0p4h4a1-gnutar-1.34/bin:/nix/store/p3m1ndl1lapwrlh698bnb5lvvxh67378-gzip-1.12/bin:/nix/store/a8mhcagrsly7c7mpjrpsnaahk4aax056-bzip2-1.0.8-bin/bin:/nix/store/mblgz65m3zv9x548a3d5m96fj2pbwr09-gnumake-4.3/bin:/nix/store/dsd5gz46hdbdk2rfdimqddhq6m8m8fqs-bash-5.1-p16/bin:/nix/store/v7ljksji50mg3w61dykaa3n3y79n6nil-patch-2.7.6/bin:/nix/store/zlcnmqq14jz5x9439jf937mvayyl63da-xz-5.2.7-bin/bin:/nix/store/y6aj732zm9m87c82fpvf103a1xb22blp-file-5.43/bin:/nix/store/i4kzir3m7mrisxmf5xvlnkw01x4qaqr4-prybar-elisp-0.0.0-e0d9a52/bin:/nix/store/lwwivxf6h7x3cvxp9zv8sj0mv7dak99r-prybar-lua-0.0.0-e0d9a52/bin:/nix/store/gxj28g1cg4hq3qanmjv07156h800qr58-prybar-python3-0.0.0-e0d9a52/bin:/nix/store/hshkjnxrgidigf8x75vg6lqng2xlx9i3-prybar-sqlite-0.0.0-e0d9a52/bin:/nix/store/c4w01bpjgyy5ixmwdk8m1pw87zq4sl26-prybar-tcl-0.0.0-e0d9a52/bin:/nix/store/hpbvrlwd5viqmvcaisb3x0118i913a9n-st
LD_LIBRARY_PATH=/nix/store/a4pff549sk2idnkpzk5nsfps3mdkdnvm-cups-2.4.2-lib/lib:/nix/store/72mqxxhh3cy5yifh92wh2yb8cl2hikyy-cairo-1.16.0/lib:/nix/store/2k366jrbsra97gjfxwvrhvixjfxdach5-glib-2.74.1/lib:/nix/store/2j2znigd8ak37rlwh9khz0ry3clqlw1l-gtk+3-3.24.34/lib:/nix/store/hisqvx32cd57apbpcsnkpx6k3549wql1-libglvnd-1.4.0/lib:/nix/store/p36pgcv991mq5srvg765b78yqpxvk3qs-mesa-21.3.3-drivers/lib:/nix/store/mav4251if1ahjq5vkpwycyyvnmy459c4-pulseaudio-14.2/lib
DISPLAY=:0
LANG=en_US.UTF-8

Signal Handlers:
   SIGSEGV: crash_handler in libjvm.so, mask=11100100010111111101111111111110, flags=SA_RESTART|SA_SIGINFO
    SIGBUS: crash_handler in libjvm.so, mask=11100100010111111101111111111110, flags=SA_RESTART|SA_SIGINFO
    SIGFPE: crash_handler in libjvm.so, mask=11100100010111111101111111111110, flags=SA_RESTART|SA_SIGINFO
   SIGPIPE: IsolateEnterStub_IgnoreSIGPIPEStartupHook_noopSignalHandler_8f19bff2f35b5f630d83b364d6b2339320d4ec70_216e8361c6bc87a8f89f58cc10d3b2fd4415bf87 in libjvmcicompiler.so, mask=00000000000000000000000000000000, flags=SA_RESTART
  *** Handler was modified!
  *** Expected: javaSignalHandler in libjvm.so, mask=11100100110111111111111111111110, flags=SA_RESTART|SA_SIGINFO
   SIGXFSZ: javaSignalHandler in libjvm.so, mask=11100100010111111101111111111110, flags=SA_RESTART|SA_SIGINFO
    SIGILL: crash_handler in libjvm.so, mask=11100100010111111101111111111110, flags=SA_RESTART|SA_SIGINFO
   SIGUSR2: SR_handler in libjvm.so, mask=00000000000000000000000000000000, flags=SA_RESTART|SA_SIGINFO
    SIGHUP: UserHandler in libjvm.so, mask=11100100010111111101111111111110, flags=SA_RESTART|SA_SIGINFO
    SIGINT: UserHandler in libjvm.so, mask=11100100010111111101111111111110, flags=SA_RESTART|SA_SIGINFO
   SIGTERM: UserHandler in libjvm.so, mask=11100100010111111101111111111110, flags=SA_RESTART|SA_SIGINFO
   SIGQUIT: UserHandler in libjvm.so, mask=11100100010111111101111111111110, flags=SA_RESTART|SA_SIGINFO
  *** Handler was modified!
  *** Expected: javaSignalHandler in libjvm.so, mask=11100100110111111111111111111110, flags=SA_RESTART|SA_SIGINFO
   SIGTRAP: crash_handler in libjvm.so, mask=11100100010111111101111111111110, flags=SA_RESTART|SA_SIGINFO


---------------  S Y S T E M  ---------------

OS:
DISTRIB_ID=Ubuntu
DISTRIB_RELEASE=20.04
DISTRIB_CODENAME=focal
DISTRIB_DESCRIPTION="Ubuntu 20.04.2 LTS"
uname: Linux 5.15.0-1030-gcp #37~20.04.1-Ubuntu SMP Mon Feb 20 04:30:57 UTC 2023 x86_64
OS uptime: 0 days 8:08 hours
libc: glibc 2.35 NPTL 2.35 
rlimit (soft/hard): STACK 8192k/infinity , CORE infinity/infinity , NPROC infinity/infinity , NOFILE 5242/5242 , AS infinity/infinity , CPU infinity/infinity , DATA infinity/infinity , FSIZE infinity/infinity , MEMLOCK 64k/64k
load average: 24.55 23.35 19.80

/proc/meminfo:
MemTotal:       65852732 kB
MemFree:        27152356 kB
MemAvailable:   45646640 kB
Buffers:         2528000 kB
Cached:         14641688 kB
SwapCached:            0 kB
Active:          8893204 kB
Inactive:       25542024 kB
Active(anon):      13868 kB
Inactive(anon): 17120300 kB
Active(file):    8879336 kB
Inactive(file):  8421724 kB
Unevictable:       43352 kB
Mlocked:           43352 kB
SwapTotal:             0 kB
SwapFree:              0 kB
Dirty:              4200 kB
Writeback:            44 kB
AnonPages:      16045752 kB
Mapped:          2258776 kB
Shmem:            185012 kB
KReclaimable:    1919824 kB
Slab:            3156280 kB
SReclaimable:    1919824 kB
SUnreclaim:      1236456 kB
KernelStack:      409376 kB
PageTables:       185972 kB
NFS_Unstable:          0 kB
Bounce:                0 kB
WritebackTmp:          0 kB
CommitLimit:    32926364 kB
Committed_AS:   59857020 kB
VmallocTotal:   34359738367 kB
VmallocUsed:      446096 kB
VmallocChunk:          0 kB
Percpu:            60608 kB
HardwareCorrupted:     0 kB
AnonHugePages:   1484800 kB
ShmemHugePages:        0 kB
ShmemPmdMapped:        0 kB
FileHugePages:         0 kB
FilePmdMapped:         0 kB
HugePages_Total:       0
HugePages_Free:        0
HugePages_Rsvd:        0
HugePages_Surp:        0
Hugepagesize:       2048 kB
Hugetlb:               0 kB
DirectMap4k:     4623168 kB
DirectMap2M:    41510912 kB
DirectMap1G:    23068672 kB

/sys/kernel/mm/transparent_hugepage/enabled: always [madvise] never
/sys/kernel/mm/transparent_hugepage/defrag (defrag/compaction efforts parameter): always defer defer+madvise [madvise] never

Process Memory:
Virtual Size: 5062744K (peak: 5125948K)
Resident Set Size: 767436K (peak: 835012K) (anon: 573916K, file: 193520K, shmem: 0K)
Swapped out: 0K
C-Heap outstanding allocations: 44908K, retained: 16087K
glibc malloc tunables: (default)

/proc/sys/kernel/threads-max (system-wide limit on the number of threads): 514406
/proc/sys/vm/max_map_count (maximum number of memory map areas a process may have): 65530
/proc/sys/kernel/pid_max (system-wide limit on number of process identifiers): 4194304

container (cgroup) information:
container_type: cgroupv1
cpu_cpuset_cpus: 2-7
cpu_memory_nodes: 0
active_processor_count: 1
cpu_quota: 50000
cpu_period: 100000
cpu_shares: 512
memory_limit_in_bytes: 1048576 k
memory_and_swap_limit_in_bytes: 1048576 k
memory_soft_limit_in_bytes: 524288 k
memory_usage_in_bytes: 626976 k
memory_max_usage_in_bytes: 683488 k
maximum number of tasks: 1000
current number of tasks: 50

KVM virtualization detected
Steal ticks since vm start: 0
Steal ticks percentage since vm start:  0.000

CPU: total 8 (initial active 1) (8 cores per cpu, 2 threads per core) family 23 model 49 stepping 0 microcode 0xffffffff, cx8, cmov, fxsr, ht, mmx, 3dnowpref, sse, sse2, sse3, ssse3, sse4a, sse4.1, sse4.2, popcnt, lzcnt, tsc, tscinvbit, avx, avx2, aes, clmul, bmi1, bmi2, adx, sha, fma, vzeroupper, clflush, clflushopt, hv
CPU Model and flags from /proc/cpuinfo:
model name	: AMD EPYC 7B12
flags		: fpu vme de pse tsc msr pae mce cx8 apic sep mtrr pge mca cmov pat pse36 clflush mmx fxsr sse sse2 ht syscall nx mmxext fxsr_opt pdpe1gb rdtscp lm constant_tsc rep_good nopl nonstop_tsc cpuid extd_apicid tsc_known_freq pni pclmulqdq ssse3 fma cx16 sse4_1 sse4_2 movbe popcnt aes xsave avx f16c rdrand hypervisor lahf_lm cmp_legacy cr8_legacy abm sse4a misalignsse 3dnowprefetch osvw topoext ssbd ibrs ibpb stibp vmmcall fsgsbase tsc_adjust bmi1 avx2 smep bmi2 rdseed adx smap clflushopt clwb sha_ni xsaveopt xsavec xgetbv1 clzero xsaveerptr arat npt nrip_save umip rdpid

Online cpus: 0-7
Offline cpus: 
BIOS frequency limitation: <Not Available>
Frequency switch latency (ns): <Not Available>
Available cpu frequencies: <Not Available>
Current governor: <Not Available>
Core performance/turbo boost: <Not Available>

Memory: 4k page, physical 1048576k(421592k free), swap 0k(0k free)
Page Sizes: 4k

vm_info: OpenJDK 64-Bit Server VM (17.0.5+8-jvmci-22.3-b08) for linux-amd64 JRE (17.0.5+8-jvmci-22.3-b08), built on Oct 19 2022 09:01:27 by "buildslave" with gcc 10.3.0

END.
